<?xml version="1.0" encoding="uuu"?><Aangifte xmlns="hhh"><Bedrijf><Bestuurder>a</Bestuurder><Omzet>b</Omzet><Kosten>c</Kosten></Bedrijf><Burger>a b c</Burger></Aangifte>
