<?xml version="1.0" encoding="UTF-8"?><Extract xmlns="http://www.nbb.be/cba/2021-06/extract"><Header><DeclarerId><DeclarerKBONumber>0403288089</DeclarerKBONumber></DeclarerId><ExtractDate>2023-06-05</ExtractDate><FileNumber>1</FileNumber><FileReference>0403288089-20230605-20230605-00001523-NoPeriod-00000001.xml</FileReference></Header><Customer CustomerSequenceNumber="1"><CustomerIdentification><NaturalPersonId><RRNIdentification>36013029454</RRNIdentification></NaturalPersonId></CustomerIdentification><CustomerRelations><Contracts><Contract><ContractTypeName>LifeInsurance</ContractTypeName><CustomerStartDate>2021-03-25</CustomerStartDate><CustomerEndDate>9999-12-31</CustomerEndDate><Amounts><Amount ValueDate="2021-12-31">99845.13</Amount><Amount ValueDate="2022-12-31">101026.51</Amount></Amounts></Contract></Contracts></CustomerRelations></Customer><Customer CustomerSequenceNumber="2"><CustomerIdentification><EntityIdentification><KBONumberIdentification>0871140370</KBONumberIdentification></EntityIdentification></CustomerIdentification><CustomerRelations><Contracts><Contract><ContractTypeName>LifeInsurance</ContractTypeName><CustomerStartDate>2020-01-01</CustomerStartDate><CustomerEndDate>9999-12-31</CustomerEndDate><Amounts><Amount ValueDate="2020-12-31">43179.21</Amount><Amount ValueDate="2021-12-31">49791.44</Amount></Amounts></Contract></Contracts></CustomerRelations></Customer><Customer CustomerSequenceNumber="3"><CustomerIdentification><NaturalPersonId><RRNIdentification>62052226722</RRNIdentification></NaturalPersonId></CustomerIdentification><CustomerRelations><Contracts><Contract><ContractTypeName>LifeInsurance</ContractTypeName><CustomerStartDate>2020-01-01</CustomerStartDate><CustomerEndDate>2022-04-08</CustomerEndDate><Amounts><Amount ValueDate="2020-12-31">20056.68</Amount><Amount ValueDate="2021-12-31">20238.66</Amount></Amounts></Contract></Contracts></CustomerRelations></Customer><Customer CustomerSequenceNumber="4"><CustomerIdentification><NaturalPersonId><RRNIdentification>63020224166</RRNIdentification></NaturalPersonId></CustomerIdentification><CustomerRelations><Contracts><Contract><ContractTypeName>LifeInsurance</ContractTypeName><CustomerStartDate>2020-01-01</CustomerStartDate><CustomerEndDate>9999-12-31</CustomerEndDate><Amounts><Amount ValueDate="2020-12-31">0</Amount><Amount ValueDate="2021-12-31">0</Amount><Amount ValueDate="2022-12-31">0</Amount></Amounts></Contract></Contracts></CustomerRelations></Customer><Customer CustomerSequenceNumber="5"><CustomerIdentification><NaturalPersonId><RRNIdentification>46091217311</RRNIdentification></NaturalPersonId></CustomerIdentification><CustomerRelations><Contracts><Contract><ContractTypeName>LifeInsurance</ContractTypeName><CustomerStartDate>2020-01-01</CustomerStartDate><CustomerEndDate>9999-12-31</CustomerEndDate><Amounts><Amount ValueDate="2020-12-31">0</Amount><Amount ValueDate="2021-12-31">0</Amount><Amount ValueDate="2022-12-31">0</Amount></Amounts></Contract></Contracts></CustomerRelations></Customer><Customer CustomerSequenceNumber="6"><CustomerIdentification><NaturalPersonId><RRNIdentification>54020307810</RRNIdentification></NaturalPersonId></CustomerIdentification><CustomerRelations><Contracts><Contract><ContractTypeName>LifeInsurance</ContractTypeName><CustomerStartDate>2020-10-05</CustomerStartDate><CustomerEndDate>9999-12-31</CustomerEndDate><Amounts><Amount ValueDate="2020-12-31">0</Amount><Amount ValueDate="2021-12-31">0</Amount><Amount ValueDate="2022-12-31">0</Amount></Amounts></Contract></Contracts></CustomerRelations></Customer><Customer CustomerSequenceNumber="7"><CustomerIdentification><NaturalPersonId><RRNIdentification>76111917951</RRNIdentification></NaturalPersonId></CustomerIdentification><CustomerRelations><Contracts><Contract><ContractTypeName>LifeInsurance</ContractTypeName><CustomerStartDate>2021-03-03</CustomerStartDate><CustomerEndDate>9999-12-31</CustomerEndDate><Amounts><Amount ValueDate="2021-12-31">0</Amount></Amounts></Contract></Contracts></CustomerRelations></Customer><Customer CustomerSequenceNumber="8"><CustomerIdentification><NaturalPersonId><RRNIdentification>52092525949</RRNIdentification></NaturalPersonId></CustomerIdentification><CustomerRelations><Contracts><Contract><ContractTypeName>LifeInsurance</ContractTypeName><CustomerStartDate>2020-01-01</CustomerStartDate><CustomerEndDate>2021-10-01</CustomerEndDate><Amounts><Amount ValueDate="2020-12-31">95425.51</Amount></Amounts></Contract></Contracts></CustomerRelations></Customer><Customer CustomerSequenceNumber="9"><CustomerIdentification><NaturalPersonId><RRNIdentification>54033107355</RRNIdentification></NaturalPersonId></CustomerIdentification><CustomerRelations><Contracts><Contract><ContractTypeName>LifeInsurance</ContractTypeName><CustomerStartDate>2020-09-11</CustomerStartDate><CustomerEndDate>9999-12-31</CustomerEndDate><Amounts><Amount ValueDate="2020-12-31">49126.82</Amount><Amount ValueDate="2021-12-31">49679.93</Amount><Amount ValueDate="2022-12-31">50324.53</Amount></Amounts></Contract></Contracts></CustomerRelations></Customer><Customer CustomerSequenceNumber="10"><CustomerIdentification><NaturalPersonId><RRNIdentification>36092817991</RRNIdentification></NaturalPersonId></CustomerIdentification><CustomerRelations><Contracts><Contract><ContractTypeName>LifeInsurance</ContractTypeName><CustomerStartDate>2020-01-01</CustomerStartDate><CustomerEndDate>9999-12-31</CustomerEndDate><Amounts><Amount ValueDate="2020-12-31">57058.56</Amount><Amount ValueDate="2021-12-31">57498.32</Amount><Amount ValueDate="2022-12-31">58158.35</Amount></Amounts></Contract></Contracts></CustomerRelations></Customer><Customer CustomerSequenceNumber="11"><CustomerIdentification><NaturalPersonId><RRNIdentification>68012437153</RRNIdentification></NaturalPersonId></CustomerIdentification><CustomerRelations><Contracts><Contract><ContractTypeName>LifeInsurance</ContractTypeName><CustomerStartDate>2021-12-07</CustomerStartDate><CustomerEndDate>9999-12-31</CustomerEndDate><Amounts><Amount ValueDate="2021-12-31">0</Amount></Amounts></Contract></Contracts></CustomerRelations></Customer><Customer CustomerSequenceNumber="12"><CustomerIdentification><NaturalPersonId><RRNIdentification>65011131944</RRNIdentification></NaturalPersonId></CustomerIdentification><CustomerRelations><Contracts><Contract><ContractTypeName>LifeInsurance</ContractTypeName><CustomerStartDate>2021-08-09</CustomerStartDate><CustomerEndDate>9999-12-31</CustomerEndDate><Amounts><Amount ValueDate="2021-12-31">10031.7</Amount></Amounts></Contract></Contracts></CustomerRelations></Customer><Customer CustomerSequenceNumber="13"><CustomerIdentification><NaturalPersonId><RRNIdentification>77100723182</RRNIdentification></NaturalPersonId></CustomerIdentification><CustomerRelations><Contracts><Contract><ContractTypeName>LifeInsurance</ContractTypeName><CustomerStartDate>2020-01-01</CustomerStartDate><CustomerEndDate>9999-12-31</CustomerEndDate><Amounts><Amount ValueDate="2020-12-31">0</Amount><Amount ValueDate="2021-12-31">0</Amount><Amount ValueDate="2022-12-31">0</Amount></Amounts></Contract></Contracts></CustomerRelations></Customer><Customer CustomerSequenceNumber="14"><CustomerIdentification><NaturalPersonId><RRNIdentification>47031534717</RRNIdentification></NaturalPersonId></CustomerIdentification><CustomerRelations><Contracts><Contract><ContractTypeName>LifeInsurance</ContractTypeName><CustomerStartDate>2020-01-01</CustomerStartDate><CustomerEndDate>9999-12-31</CustomerEndDate><Amounts><Amount ValueDate="2020-12-31">65742.75</Amount><Amount ValueDate="2021-12-31">65983.52</Amount><Amount ValueDate="2022-12-31">66252.83</Amount></Amounts></Contract></Contracts></CustomerRelations></Customer><Customer CustomerSequenceNumber="15"><CustomerIdentification><NaturalPersonId><RRNIdentification>53053037864</RRNIdentification></NaturalPersonId></CustomerIdentification><CustomerRelations><Contracts><Contract><ContractTypeName>LifeInsurance</ContractTypeName><CustomerStartDate>2020-01-01</CustomerStartDate><CustomerEndDate>9999-12-31</CustomerEndDate><Amounts><Amount ValueDate="2020-12-31">26807.29</Amount><Amount ValueDate="2021-12-31">27155.62</Amount><Amount ValueDate="2022-12-31">27508.49</Amount></Amounts></Contract></Contracts></CustomerRelations></Customer><Customer CustomerSequenceNumber="16"><CustomerIdentification><NaturalPersonId><RRNIdentification>61010135530</RRNIdentification></NaturalPersonId></CustomerIdentification><CustomerRelations><Contracts><Contract><ContractTypeName>LifeInsurance</ContractTypeName><CustomerStartDate>2020-01-01</CustomerStartDate><CustomerEndDate>9999-12-31</CustomerEndDate><Amounts><Amount ValueDate="2020-12-31">63251.06</Amount><Amount ValueDate="2021-12-31">64071.56</Amount><Amount ValueDate="2022-12-31">64902.71</Amount></Amounts></Contract></Contracts></CustomerRelations></Customer><Customer CustomerSequenceNumber="17"><CustomerIdentification><NaturalPersonId><RRNIdentification>55052327828</RRNIdentification></NaturalPersonId></CustomerIdentification><CustomerRelations><Contracts><Contract><ContractTypeName>LifeInsurance</ContractTypeName><CustomerStartDate>2021-07-14</CustomerStartDate><CustomerEndDate>9999-12-31</CustomerEndDate><Amounts><Amount ValueDate="2021-12-31">9691.99</Amount><Amount ValueDate="2022-12-31">9791.54</Amount></Amounts></Contract></Contracts></CustomerRelations></Customer><Customer CustomerSequenceNumber="18"><CustomerIdentification><NaturalPersonId><RRNIdentification>72080603592</RRNIdentification></NaturalPersonId></CustomerIdentification><CustomerRelations><Contracts><Contract><ContractTypeName>LifeInsurance</ContractTypeName><CustomerStartDate>2020-01-01</CustomerStartDate><CustomerEndDate>9999-12-31</CustomerEndDate><Amounts><Amount ValueDate="2020-12-31">30307.12</Amount><Amount ValueDate="2021-12-31">30700.26</Amount><Amount ValueDate="2022-12-31">31098.5</Amount></Amounts></Contract></Contracts></CustomerRelations></Customer><Customer CustomerSequenceNumber="19"><CustomerIdentification><NaturalPersonId><RRNIdentification>48101733935</RRNIdentification></NaturalPersonId></CustomerIdentification><CustomerRelations><Contracts><Contract><ContractTypeName>LifeInsurance</ContractTypeName><CustomerStartDate>2020-01-01</CustomerStartDate><CustomerEndDate>9999-12-31</CustomerEndDate><Amounts><Amount ValueDate="2020-12-31">83827.89</Amount><Amount ValueDate="2021-12-31">84760.46</Amount><Amount ValueDate="2022-12-31">85349.87</Amount></Amounts></Contract></Contracts></CustomerRelations></Customer><Customer CustomerSequenceNumber="20"><CustomerIdentification><NaturalPersonId><RRNIdentification>49062037103</RRNIdentification></NaturalPersonId></CustomerIdentification><CustomerRelations><Contracts><Contract><ContractTypeName>LifeInsurance</ContractTypeName><CustomerStartDate>2020-01-01</CustomerStartDate><CustomerEndDate>9999-12-31</CustomerEndDate><Amounts><Amount ValueDate="2020-12-31">60005.18</Amount><Amount ValueDate="2021-12-31">60784.23</Amount><Amount ValueDate="2022-12-31">61573.39</Amount></Amounts></Contract></Contracts></CustomerRelations></Customer><Customer CustomerSequenceNumber="21"><CustomerIdentification><NaturalPersonId><RRNIdentification>47111426885</RRNIdentification></NaturalPersonId></CustomerIdentification><CustomerRelations><Contracts><Contract><ContractTypeName>LifeInsurance</ContractTypeName><CustomerStartDate>2020-01-01</CustomerStartDate><CustomerEndDate>9999-12-31</CustomerEndDate><Amounts><Amount ValueDate="2020-12-31">40933.04</Amount><Amount ValueDate="2021-12-31">41464.02</Amount><Amount ValueDate="2022-12-31">42001.93</Amount></Amounts></Contract></Contracts></CustomerRelations></Customer><Customer CustomerSequenceNumber="22"><CustomerIdentification><NaturalPersonId><RRNIdentification>61041524334</RRNIdentification></NaturalPersonId></CustomerIdentification><CustomerRelations><Contracts><Contract><ContractTypeName>LifeInsurance</ContractTypeName><CustomerStartDate>2020-03-12</CustomerStartDate><CustomerEndDate>9999-12-31</CustomerEndDate><Amounts><Amount ValueDate="2020-12-31">0</Amount><Amount ValueDate="2021-12-31">0</Amount><Amount ValueDate="2022-12-31">0</Amount></Amounts></Contract></Contracts></CustomerRelations></Customer><Customer CustomerSequenceNumber="23"><CustomerIdentification><NaturalPersonId><RRNIdentification>76060810631</RRNIdentification></NaturalPersonId></CustomerIdentification><CustomerRelations><Contracts><Contract><ContractTypeName>LifeInsurance</ContractTypeName><CustomerStartDate>2021-04-27</CustomerStartDate><CustomerEndDate>9999-12-31</CustomerEndDate><Amounts><Amount ValueDate="2021-12-31">0</Amount></Amounts></Contract></Contracts></CustomerRelations></Customer><Customer CustomerSequenceNumber="24"><CustomerIdentification><NaturalPersonId><RRNIdentification>70080929786</RRNIdentification></NaturalPersonId></CustomerIdentification><CustomerRelations><Contracts><Contract><ContractTypeName>LifeInsurance</ContractTypeName><CustomerStartDate>2020-01-01</CustomerStartDate><CustomerEndDate>9999-12-31</CustomerEndDate><Amounts><Amount ValueDate="2020-12-31">73807.61</Amount><Amount ValueDate="2021-12-31">76761.7</Amount><Amount ValueDate="2022-12-31">66926.21</Amount></Amounts></Contract></Contracts></CustomerRelations></Customer><Customer CustomerSequenceNumber="25"><CustomerIdentification><NaturalPersonId><RRNIdentification>55030323575</RRNIdentification></NaturalPersonId></CustomerIdentification><CustomerRelations><Contracts><Contract><ContractTypeName>LifeInsurance</ContractTypeName><CustomerStartDate>2020-01-01</CustomerStartDate><CustomerEndDate>9999-12-31</CustomerEndDate><Amounts><Amount ValueDate="2020-12-31">20687.54</Amount><Amount ValueDate="2021-12-31">20955.89</Amount><Amount ValueDate="2022-12-31">21227.75</Amount></Amounts></Contract></Contracts></CustomerRelations></Customer><Customer CustomerSequenceNumber="26"><CustomerIdentification><NaturalPersonId><RRNIdentification>65012623269</RRNIdentification></NaturalPersonId></CustomerIdentification><CustomerRelations><Contracts><Contract><ContractTypeName>LifeInsurance</ContractTypeName><CustomerStartDate>2020-03-13</CustomerStartDate><CustomerEndDate>9999-12-31</CustomerEndDate><Amounts><Amount ValueDate="2020-12-31">48791.56</Amount><Amount ValueDate="2021-12-31">49376.84</Amount><Amount ValueDate="2022-12-31">50016.9</Amount></Amounts></Contract></Contracts></CustomerRelations></Customer><Customer CustomerSequenceNumber="27"><CustomerIdentification><NaturalPersonId><RRNIdentification>59041524389</RRNIdentification></NaturalPersonId></CustomerIdentification><CustomerRelations><Contracts><Contract><ContractTypeName>LifeInsurance</ContractTypeName><CustomerStartDate>2020-01-01</CustomerStartDate><CustomerEndDate>9999-12-31</CustomerEndDate><Amounts><Amount ValueDate="2020-12-31">157602.33</Amount><Amount ValueDate="2021-12-31">160219.7</Amount><Amount ValueDate="2022-12-31">162882.97</Amount></Amounts></Contract></Contracts></CustomerRelations></Customer><Customer CustomerSequenceNumber="28"><CustomerIdentification><NaturalPersonId><RRNIdentification>60010630308</RRNIdentification></NaturalPersonId></CustomerIdentification><CustomerRelations><Contracts><Contract><ContractTypeName>LifeInsurance</ContractTypeName><CustomerStartDate>2020-01-01</CustomerStartDate><CustomerEndDate>9999-12-31</CustomerEndDate><Amounts><Amount ValueDate="2020-12-31">0</Amount><Amount ValueDate="2021-12-31">0</Amount><Amount ValueDate="2022-12-31">0</Amount></Amounts></Contract></Contracts></CustomerRelations></Customer><Customer CustomerSequenceNumber="29"><CustomerIdentification><NaturalPersonId><RRNIdentification>50122419525</RRNIdentification></NaturalPersonId></CustomerIdentification><CustomerRelations><Contracts><Contract><ContractTypeName>LifeInsurance</ContractTypeName><CustomerStartDate>2020-05-27</CustomerStartDate><CustomerEndDate>9999-12-31</CustomerEndDate><Amounts><Amount ValueDate="2020-12-31">40191.69</Amount><Amount ValueDate="2021-12-31">40632.79</Amount><Amount ValueDate="2022-12-31">41159.5</Amount></Amounts></Contract></Contracts></CustomerRelations></Customer><Customer CustomerSequenceNumber="30"><CustomerIdentification><NaturalPersonId><RRNIdentification>77031621174</RRNIdentification></NaturalPersonId></CustomerIdentification><CustomerRelations><Contracts><Contract><ContractTypeName>LifeInsurance</ContractTypeName><CustomerStartDate>2020-01-01</CustomerStartDate><CustomerEndDate>9999-12-31</CustomerEndDate><Amounts><Amount ValueDate="2020-12-31">22852.28</Amount><Amount ValueDate="2021-12-31">23228.32</Amount><Amount ValueDate="2022-12-31">23589.17</Amount></Amounts></Contract></Contracts></CustomerRelations></Customer><Customer CustomerSequenceNumber="31"><CustomerIdentification><NaturalPersonId><RRNIdentification>34080236455</RRNIdentification></NaturalPersonId></CustomerIdentification><CustomerRelations><Contracts><Contract><ContractTypeName>LifeInsurance</ContractTypeName><CustomerStartDate>2020-01-01</CustomerStartDate><CustomerEndDate>9999-12-31</CustomerEndDate><Amounts><Amount ValueDate="2020-12-31">0</Amount><Amount ValueDate="2021-12-31">0</Amount><Amount ValueDate="2022-12-31">0</Amount></Amounts></Contract></Contracts></CustomerRelations></Customer><Customer CustomerSequenceNumber="32"><CustomerIdentification><NaturalPersonId><RRNIdentification>69011023548</RRNIdentification></NaturalPersonId></CustomerIdentification><CustomerRelations><Contracts><Contract><ContractTypeName>LifeInsurance</ContractTypeName><CustomerStartDate>2020-01-01</CustomerStartDate><CustomerEndDate>9999-12-31</CustomerEndDate><Amounts><Amount ValueDate="2020-12-31">37183.02</Amount><Amount ValueDate="2021-12-31">38950.33</Amount><Amount ValueDate="2022-12-31">37940.27</Amount></Amounts></Contract></Contracts></CustomerRelations></Customer><Customer CustomerSequenceNumber="33"><CustomerIdentification><NaturalPersonId><RRNIdentification>65093039239</RRNIdentification></NaturalPersonId></CustomerIdentification><CustomerRelations><Contracts><Contract><ContractTypeName>LifeInsurance</ContractTypeName><CustomerStartDate>2020-01-01</CustomerStartDate><CustomerEndDate>9999-12-31</CustomerEndDate><Amounts><Amount ValueDate="2020-12-31">110120.03</Amount><Amount ValueDate="2021-12-31">111462.77</Amount><Amount ValueDate="2022-12-31">112908.87</Amount></Amounts></Contract></Contracts></CustomerRelations></Customer><Customer CustomerSequenceNumber="34"><CustomerIdentification><NaturalPersonId><RRNIdentification>67040621669</RRNIdentification></NaturalPersonId></CustomerIdentification><CustomerRelations><Contracts><Contract><ContractTypeName>LifeInsurance</ContractTypeName><CustomerStartDate>2020-04-06</CustomerStartDate><CustomerEndDate>9999-12-31</CustomerEndDate><Amounts><Amount ValueDate="2020-12-31">0</Amount><Amount ValueDate="2021-12-31">0</Amount><Amount ValueDate="2022-12-31">0</Amount></Amounts></Contract></Contracts></CustomerRelations></Customer><Customer CustomerSequenceNumber="35"><CustomerIdentification><NaturalPersonId><RRNIdentification>76081836271</RRNIdentification></NaturalPersonId></CustomerIdentification><CustomerRelations><Contracts><Contract><ContractTypeName>LifeInsurance</ContractTypeName><CustomerStartDate>2020-01-01</CustomerStartDate><CustomerEndDate>2020-02-07</CustomerEndDate></Contract></Contracts></CustomerRelations></Customer><Customer CustomerSequenceNumber="36"><CustomerIdentification><NaturalPersonId><RRNIdentification>69072545403</RRNIdentification></NaturalPersonId></CustomerIdentification><CustomerRelations><Contracts><Contract><ContractTypeName>LifeInsurance</ContractTypeName><CustomerStartDate>2020-01-01</CustomerStartDate><CustomerEndDate>9999-12-31</CustomerEndDate><Amounts><Amount ValueDate="2020-12-31">58923.67</Amount><Amount ValueDate="2021-12-31">59637.19</Amount><Amount ValueDate="2022-12-31">60411.13</Amount></Amounts></Contract></Contracts></CustomerRelations></Customer><Customer CustomerSequenceNumber="37"><CustomerIdentification><NaturalPersonId><RRNIdentification>75032818784</RRNIdentification></NaturalPersonId></CustomerIdentification><CustomerRelations><Contracts><Contract><ContractTypeName>LifeInsurance</ContractTypeName><CustomerStartDate>2020-01-01</CustomerStartDate><CustomerEndDate>9999-12-31</CustomerEndDate><Amounts><Amount ValueDate="2020-12-31">39589.54</Amount><Amount ValueDate="2021-12-31">40103.08</Amount><Amount ValueDate="2022-12-31">40623.3</Amount></Amounts></Contract></Contracts></CustomerRelations></Customer><Customer CustomerSequenceNumber="38"><CustomerIdentification><NaturalPersonId><RRNIdentification>69100134181</RRNIdentification></NaturalPersonId></CustomerIdentification><CustomerRelations><Contracts><Contract><ContractTypeName>LifeInsurance</ContractTypeName><CustomerStartDate>2020-01-01</CustomerStartDate><CustomerEndDate>9999-12-31</CustomerEndDate><Amounts><Amount ValueDate="2020-12-31">97441.28</Amount><Amount ValueDate="2021-12-31">98798.69</Amount><Amount ValueDate="2022-12-31">100175.13</Amount></Amounts></Contract></Contracts></CustomerRelations></Customer><Customer CustomerSequenceNumber="39"><CustomerIdentification><NaturalPersonId><RRNIdentification>57122438480</RRNIdentification></NaturalPersonId></CustomerIdentification><CustomerRelations><Contracts><Contract><ContractTypeName>LifeInsurance</ContractTypeName><CustomerStartDate>2021-04-22</CustomerStartDate><CustomerEndDate>9999-12-31</CustomerEndDate><Amounts><Amount ValueDate="2021-12-31">0</Amount></Amounts></Contract></Contracts></CustomerRelations></Customer><Customer CustomerSequenceNumber="40"><CustomerIdentification><NaturalPersonId><RRNIdentification>53110518381</RRNIdentification></NaturalPersonId></CustomerIdentification><CustomerRelations><Contracts><Contract><ContractTypeName>LifeInsurance</ContractTypeName><CustomerStartDate>2020-01-01</CustomerStartDate><CustomerEndDate>9999-12-31</CustomerEndDate><Amounts><Amount ValueDate="2020-12-31">79449.49</Amount><Amount ValueDate="2021-12-31">80480.12</Amount><Amount ValueDate="2022-12-31">81524.16</Amount></Amounts></Contract></Contracts></CustomerRelations></Customer><Customer CustomerSequenceNumber="41"><CustomerIdentification><NaturalPersonId><RRNIdentification>56092435765</RRNIdentification></NaturalPersonId></CustomerIdentification><CustomerRelations><Contracts><Contract><ContractTypeName>LifeInsurance</ContractTypeName><CustomerStartDate>2020-01-01</CustomerStartDate><CustomerEndDate>9999-12-31</CustomerEndDate><Amounts><Amount ValueDate="2020-12-31">293818.04</Amount><Amount ValueDate="2021-12-31">297089.38</Amount><Amount ValueDate="2022-12-31">301506.58</Amount></Amounts></Contract></Contracts></CustomerRelations></Customer><Customer CustomerSequenceNumber="42"><CustomerIdentification><NaturalPersonId><RRNIdentification>63052536945</RRNIdentification></NaturalPersonId></CustomerIdentification><CustomerRelations><Contracts><Contract><ContractTypeName>LifeInsurance</ContractTypeName><CustomerStartDate>2020-01-01</CustomerStartDate><CustomerEndDate>9999-12-31</CustomerEndDate><Amounts><Amount ValueDate="2020-12-31">15376.88</Amount><Amount ValueDate="2021-12-31">15576.68</Amount><Amount ValueDate="2022-12-31">15779.09</Amount></Amounts></Contract></Contracts></CustomerRelations></Customer><Customer CustomerSequenceNumber="43"><CustomerIdentification><NaturalPersonId><RRNIdentification>80042802864</RRNIdentification></NaturalPersonId></CustomerIdentification><CustomerRelations><Contracts><Contract><ContractTypeName>LifeInsurance</ContractTypeName><CustomerStartDate>2020-01-01</CustomerStartDate><CustomerEndDate>9999-12-31</CustomerEndDate><Amounts><Amount ValueDate="2020-12-31">25262.36</Amount><Amount ValueDate="2021-12-31">25590.06</Amount><Amount ValueDate="2022-12-31">25922.02</Amount></Amounts></Contract></Contracts></CustomerRelations></Customer><Customer CustomerSequenceNumber="44"><CustomerIdentification><NaturalPersonId><RRNIdentification>44081620801</RRNIdentification></NaturalPersonId></CustomerIdentification><CustomerRelations><Contracts><Contract><ContractTypeName>LifeInsurance</ContractTypeName><CustomerStartDate>2020-01-01</CustomerStartDate><CustomerEndDate>9999-12-31</CustomerEndDate><Amounts><Amount ValueDate="2020-12-31">0</Amount><Amount ValueDate="2021-12-31">0</Amount><Amount ValueDate="2022-12-31">0</Amount></Amounts></Contract></Contracts></CustomerRelations></Customer><Customer CustomerSequenceNumber="45"><CustomerIdentification><NaturalPersonId><RRNIdentification>66103120926</RRNIdentification></NaturalPersonId></CustomerIdentification><CustomerRelations><Contracts><Contract><ContractTypeName>LifeInsurance</ContractTypeName><CustomerStartDate>2020-01-01</CustomerStartDate><CustomerEndDate>9999-12-31</CustomerEndDate><Amounts><Amount ValueDate="2020-12-31">102352.12</Amount><Amount ValueDate="2021-12-31">109669.36</Amount><Amount ValueDate="2022-12-31">93338.18</Amount></Amounts></Contract></Contracts></CustomerRelations></Customer><Customer CustomerSequenceNumber="46"><CustomerIdentification><NaturalPersonId><RRNIdentification>55032132923</RRNIdentification></NaturalPersonId></CustomerIdentification><CustomerRelations><Contracts><Contract><ContractTypeName>LifeInsurance</ContractTypeName><CustomerStartDate>2021-10-05</CustomerStartDate><CustomerEndDate>9999-12-31</CustomerEndDate><Amounts><Amount ValueDate="2021-12-31">0</Amount></Amounts></Contract></Contracts></CustomerRelations></Customer><Customer CustomerSequenceNumber="47"><CustomerIdentification><NaturalPersonId><RRNIdentification>53010320846</RRNIdentification></NaturalPersonId></CustomerIdentification><CustomerRelations><Contracts><Contract><ContractTypeName>LifeInsurance</ContractTypeName><CustomerStartDate>2020-01-01</CustomerStartDate><CustomerEndDate>9999-12-31</CustomerEndDate><Amounts><Amount ValueDate="2020-12-31">53672.47</Amount><Amount ValueDate="2021-12-31">54369.89</Amount><Amount ValueDate="2022-12-31">55076.39</Amount></Amounts></Contract></Contracts></CustomerRelations></Customer><Customer CustomerSequenceNumber="48"><CustomerIdentification><NaturalPersonId><RRNIdentification>65072944502</RRNIdentification></NaturalPersonId></CustomerIdentification><CustomerRelations><Contracts><Contract><ContractTypeName>LifeInsurance</ContractTypeName><CustomerStartDate>2020-01-01</CustomerStartDate><CustomerEndDate>9999-12-31</CustomerEndDate><Amounts><Amount ValueDate="2020-12-31">49656.8</Amount><Amount ValueDate="2021-12-31">50300.94</Amount><Amount ValueDate="2022-12-31">50953.45</Amount></Amounts></Contract></Contracts></CustomerRelations></Customer><Customer CustomerSequenceNumber="49"><CustomerIdentification><EntityIdentification><KBONumberIdentification>0446938683</KBONumberIdentification></EntityIdentification></CustomerIdentification><CustomerRelations><Contracts><Contract><ContractTypeName>MortgageLoan</ContractTypeName><CustomerStartDate>2022-07-08</CustomerStartDate><CustomerEndDate>9999-12-31</CustomerEndDate></Contract></Contracts></CustomerRelations></Customer><Customer CustomerSequenceNumber="50"><CustomerIdentification><NaturalPersonId><RRNIdentification>58070150157</RRNIdentification></NaturalPersonId></CustomerIdentification><CustomerRelations><Contracts><Contract><ContractTypeName>LifeInsurance</ContractTypeName><CustomerStartDate>2020-01-01</CustomerStartDate><CustomerEndDate>9999-12-31</CustomerEndDate><Amounts><Amount ValueDate="2020-12-31">90957.41</Amount><Amount ValueDate="2021-12-31">5.46</Amount><Amount ValueDate="2022-12-31">5.54</Amount></Amounts></Contract></Contracts></CustomerRelations></Customer><Customer CustomerSequenceNumber="51"><CustomerIdentification><NaturalPersonId><RRNIdentification>62052329264</RRNIdentification></NaturalPersonId></CustomerIdentification><CustomerRelations><Contracts><Contract><ContractTypeName>LifeInsurance</ContractTypeName><CustomerStartDate>2020-01-01</CustomerStartDate><CustomerEndDate>9999-12-31</CustomerEndDate><Amounts><Amount ValueDate="2020-12-31">15335.48</Amount><Amount ValueDate="2021-12-31">15515.47</Amount><Amount ValueDate="2022-12-31">15716.6</Amount></Amounts></Contract></Contracts></CustomerRelations></Customer><Customer CustomerSequenceNumber="52"><CustomerIdentification><NaturalPersonId><RRNIdentification>71022332703</RRNIdentification></NaturalPersonId></CustomerIdentification><CustomerRelations><Contracts><Contract><ContractTypeName>LifeInsurance</ContractTypeName><CustomerStartDate>2020-01-01</CustomerStartDate><CustomerEndDate>9999-12-31</CustomerEndDate><Amounts><Amount ValueDate="2020-12-31">8470.4</Amount><Amount ValueDate="2021-12-31">8586.61</Amount><Amount ValueDate="2022-12-31">8704.46</Amount></Amounts></Contract></Contracts></CustomerRelations></Customer><Customer CustomerSequenceNumber="53"><CustomerIdentification><NaturalPersonId><RRNIdentification>79112933942</RRNIdentification></NaturalPersonId></CustomerIdentification><CustomerRelations><Contracts><Contract><ContractTypeName>LifeInsurance</ContractTypeName><CustomerStartDate>2021-10-01</CustomerStartDate><CustomerEndDate>9999-12-31</CustomerEndDate><Amounts><Amount ValueDate="2021-12-31">0</Amount></Amounts></Contract></Contracts></CustomerRelations></Customer><Customer CustomerSequenceNumber="54"><CustomerIdentification><NaturalPersonId><RRNIdentification>63011519506</RRNIdentification></NaturalPersonId></CustomerIdentification><CustomerRelations><Contracts><Contract><ContractTypeName>LifeInsurance</ContractTypeName><CustomerStartDate>2020-01-01</CustomerStartDate><CustomerEndDate>9999-12-31</CustomerEndDate><Amounts><Amount ValueDate="2020-12-31">34307.63</Amount><Amount ValueDate="2021-12-31">34752.67</Amount><Amount ValueDate="2022-12-31">35203.47</Amount></Amounts></Contract></Contracts></CustomerRelations></Customer><Customer CustomerSequenceNumber="55"><CustomerIdentification><NaturalPersonId><RRNIdentification>49060229042</RRNIdentification></NaturalPersonId></CustomerIdentification><CustomerRelations><Contracts><Contract><ContractTypeName>LifeInsurance</ContractTypeName><CustomerStartDate>2020-01-01</CustomerStartDate><CustomerEndDate>9999-12-31</CustomerEndDate><Amounts><Amount ValueDate="2020-12-31">2597.6</Amount><Amount ValueDate="2021-12-31">2631.28</Amount><Amount ValueDate="2022-12-31">2665.42</Amount></Amounts></Contract></Contracts></CustomerRelations></Customer><Customer CustomerSequenceNumber="56"><CustomerIdentification><NaturalPersonId><RRNIdentification>68072530039</RRNIdentification></NaturalPersonId></CustomerIdentification><CustomerRelations><Contracts><Contract><ContractTypeName>LifeInsurance</ContractTypeName><CustomerStartDate>2020-01-01</CustomerStartDate><CustomerEndDate>9999-12-31</CustomerEndDate><Amounts><Amount ValueDate="2020-12-31">9851.87</Amount><Amount ValueDate="2021-12-31">9979.66</Amount><Amount ValueDate="2022-12-31">10109.11</Amount></Amounts></Contract></Contracts></CustomerRelations></Customer><Customer CustomerSequenceNumber="57"><CustomerIdentification><NaturalPersonId><RRNIdentification>71042407743</RRNIdentification></NaturalPersonId></CustomerIdentification><CustomerRelations><Contracts><Contract><ContractTypeName>LifeInsurance</ContractTypeName><CustomerStartDate>2020-01-01</CustomerStartDate><CustomerEndDate>9999-12-31</CustomerEndDate><Amounts><Amount ValueDate="2020-12-31">10199.06</Amount><Amount ValueDate="2021-12-31">10331.36</Amount><Amount ValueDate="2022-12-31">10465.38</Amount></Amounts></Contract></Contracts></CustomerRelations></Customer><Customer CustomerSequenceNumber="58"><CustomerIdentification><NaturalPersonId><RRNIdentification>62022054079</RRNIdentification></NaturalPersonId></CustomerIdentification><CustomerRelations><Contracts><Contract><ContractTypeName>LifeInsurance</ContractTypeName><CustomerStartDate>2020-09-15</CustomerStartDate><CustomerEndDate>9999-12-31</CustomerEndDate><Amounts><Amount ValueDate="2020-12-31">0</Amount><Amount ValueDate="2021-12-31">0</Amount><Amount ValueDate="2022-12-31">0</Amount></Amounts></Contract></Contracts></CustomerRelations></Customer><Customer CustomerSequenceNumber="59"><CustomerIdentification><NaturalPersonId><RRNIdentification>48061624138</RRNIdentification></NaturalPersonId></CustomerIdentification><CustomerRelations><Contracts><Contract><ContractTypeName>LifeInsurance</ContractTypeName><CustomerStartDate>2020-01-01</CustomerStartDate><CustomerEndDate>9999-12-31</CustomerEndDate><Amounts><Amount ValueDate="2020-12-31">15409.21</Amount><Amount ValueDate="2021-12-31">15609.44</Amount><Amount ValueDate="2022-12-31">15812.27</Amount></Amounts></Contract></Contracts></CustomerRelations></Customer><Customer CustomerSequenceNumber="60"><CustomerIdentification><NaturalPersonId><RRNIdentification>76043012913</RRNIdentification></NaturalPersonId></CustomerIdentification><CustomerRelations><Contracts><Contract><ContractTypeName>LifeInsurance</ContractTypeName><CustomerStartDate>2020-01-01</CustomerStartDate><CustomerEndDate>9999-12-31</CustomerEndDate><Amounts><Amount ValueDate="2020-12-31">33206.34</Amount><Amount ValueDate="2021-12-31">33687.61</Amount><Amount ValueDate="2022-12-31">34175.87</Amount></Amounts></Contract></Contracts></CustomerRelations></Customer><Customer CustomerSequenceNumber="61"><CustomerIdentification><NaturalPersonId><RRNIdentification>52070226243</RRNIdentification></NaturalPersonId></CustomerIdentification><CustomerRelations><Contracts><Contract><ContractTypeName>LifeInsurance</ContractTypeName><CustomerStartDate>2020-01-01</CustomerStartDate><CustomerEndDate>9999-12-31</CustomerEndDate><Amounts><Amount ValueDate="2020-12-31">23016.17</Amount><Amount ValueDate="2021-12-31">23314.73</Amount><Amount ValueDate="2022-12-31">23617.18</Amount></Amounts></Contract></Contracts></CustomerRelations></Customer><Customer CustomerSequenceNumber="62"><CustomerIdentification><NaturalPersonId><RRNIdentification>39050739159</RRNIdentification></NaturalPersonId></CustomerIdentification><CustomerRelations><Contracts><Contract><ContractTypeName>LifeInsurance</ContractTypeName><CustomerStartDate>2020-01-01</CustomerStartDate><CustomerEndDate>2022-01-11</CustomerEndDate><Amounts><Amount ValueDate="2020-12-31">57650.96</Amount><Amount ValueDate="2021-12-31">59017.23</Amount></Amounts></Contract></Contracts></CustomerRelations></Customer><Customer CustomerSequenceNumber="63"><CustomerIdentification><NaturalPersonId><RRNIdentification>50020938026</RRNIdentification></NaturalPersonId></CustomerIdentification><CustomerRelations><Contracts><Contract><ContractTypeName>LifeInsurance</ContractTypeName><CustomerStartDate>2020-01-01</CustomerStartDate><CustomerEndDate>2022-02-24</CustomerEndDate><Amounts><Amount ValueDate="2020-12-31">114288.52</Amount><Amount ValueDate="2021-12-31">117030.43</Amount></Amounts></Contract></Contracts></CustomerRelations></Customer><Customer CustomerSequenceNumber="64"><CustomerIdentification><NaturalPersonId><RRNIdentification>58031540395</RRNIdentification></NaturalPersonId></CustomerIdentification><CustomerRelations><Contracts><Contract><ContractTypeName>LifeInsurance</ContractTypeName><CustomerStartDate>2020-01-01</CustomerStartDate><CustomerEndDate>9999-12-31</CustomerEndDate><Amounts><Amount ValueDate="2020-12-31">4944.32</Amount><Amount ValueDate="2021-12-31">5008.45</Amount><Amount ValueDate="2022-12-31">5073.42</Amount></Amounts></Contract></Contracts></CustomerRelations></Customer><Customer CustomerSequenceNumber="65"><CustomerIdentification><NaturalPersonId><RRNIdentification>73030124122</RRNIdentification></NaturalPersonId></CustomerIdentification><CustomerRelations><Contracts><Contract><ContractTypeName>LifeInsurance</ContractTypeName><CustomerStartDate>2021-05-18</CustomerStartDate><CustomerEndDate>9999-12-31</CustomerEndDate><Amounts><Amount ValueDate="2021-12-31">0</Amount></Amounts></Contract></Contracts></CustomerRelations></Customer><Customer CustomerSequenceNumber="66"><CustomerIdentification><NaturalPersonId><RRNIdentification>61090624942</RRNIdentification></NaturalPersonId></CustomerIdentification><CustomerRelations><Contracts><Contract><ContractTypeName>LifeInsurance</ContractTypeName><CustomerStartDate>2021-02-09</CustomerStartDate><CustomerEndDate>9999-12-31</CustomerEndDate><Amounts><Amount ValueDate="2021-12-31">25171.34</Amount><Amount ValueDate="2022-12-31">25484.26</Amount></Amounts></Contract></Contracts></CustomerRelations></Customer><Customer CustomerSequenceNumber="67"><CustomerIdentification><NaturalPersonId><RRNIdentification>55080125949</RRNIdentification></NaturalPersonId></CustomerIdentification><CustomerRelations><Contracts><Contract><ContractTypeName>LifeInsurance</ContractTypeName><CustomerStartDate>2020-01-01</CustomerStartDate><CustomerEndDate>9999-12-31</CustomerEndDate><Amounts><Amount ValueDate="2020-12-31">111822.6</Amount><Amount ValueDate="2021-12-31">113432.8</Amount><Amount ValueDate="2022-12-31">115066.43</Amount></Amounts></Contract></Contracts></CustomerRelations></Customer><Customer CustomerSequenceNumber="68"><CustomerIdentification><NaturalPersonId><RRNIdentification>62122046332</RRNIdentification></NaturalPersonId></CustomerIdentification><CustomerRelations><Contracts><Contract><ContractTypeName>LifeInsurance</ContractTypeName><CustomerStartDate>2020-01-01</CustomerStartDate><CustomerEndDate>9999-12-31</CustomerEndDate><Amounts><Amount ValueDate="2020-12-31">250168.5</Amount><Amount ValueDate="2021-12-31">252099.75</Amount><Amount ValueDate="2022-12-31">253144</Amount></Amounts></Contract></Contracts></CustomerRelations></Customer><Customer CustomerSequenceNumber="69"><CustomerIdentification><NaturalPersonId><RRNIdentification>60081933226</RRNIdentification></NaturalPersonId></CustomerIdentification><CustomerRelations><Contracts><Contract><ContractTypeName>LifeInsurance</ContractTypeName><CustomerStartDate>2020-01-01</CustomerStartDate><CustomerEndDate>9999-12-31</CustomerEndDate><Amounts><Amount ValueDate="2020-12-31">110653.77</Amount><Amount ValueDate="2021-12-31">112148.74</Amount><Amount ValueDate="2022-12-31">87078.98</Amount></Amounts></Contract></Contracts></CustomerRelations></Customer><Customer CustomerSequenceNumber="70"><CustomerIdentification><NaturalPersonId><RRNIdentification>43080419463</RRNIdentification></NaturalPersonId></CustomerIdentification><CustomerRelations><Contracts><Contract><ContractTypeName>LifeInsurance</ContractTypeName><CustomerStartDate>2020-01-01</CustomerStartDate><CustomerEndDate>9999-12-31</CustomerEndDate><Amounts><Amount ValueDate="2020-12-31">79229.6</Amount><Amount ValueDate="2021-12-31">80257.35</Amount><Amount ValueDate="2022-12-31">81298.44</Amount></Amounts></Contract></Contracts></CustomerRelations></Customer><Customer CustomerSequenceNumber="71"><CustomerIdentification><NaturalPersonId><RRNIdentification>53040523181</RRNIdentification></NaturalPersonId></CustomerIdentification><CustomerRelations><Contracts><Contract><ContractTypeName>LifeInsurance</ContractTypeName><CustomerStartDate>2020-01-01</CustomerStartDate><CustomerEndDate>9999-12-31</CustomerEndDate><Amounts><Amount ValueDate="2020-12-31">64314.87</Amount><Amount ValueDate="2021-12-31">65149.15</Amount></Amounts></Contract></Contracts></CustomerRelations></Customer><Customer CustomerSequenceNumber="72"><CustomerIdentification><NaturalPersonId><RRNIdentification>59063002763</RRNIdentification></NaturalPersonId></CustomerIdentification><CustomerRelations><Contracts><Contract><ContractTypeName>LifeInsurance</ContractTypeName><CustomerStartDate>2020-01-01</CustomerStartDate><CustomerEndDate>9999-12-31</CustomerEndDate><Amounts><Amount ValueDate="2020-12-31">0</Amount><Amount ValueDate="2021-12-31">0</Amount><Amount ValueDate="2022-12-31">0</Amount></Amounts></Contract></Contracts></CustomerRelations></Customer><Customer CustomerSequenceNumber="73"><CustomerIdentification><NaturalPersonId><RRNIdentification>62051126464</RRNIdentification></NaturalPersonId></CustomerIdentification><CustomerRelations><Contracts><Contract><ContractTypeName>LifeInsurance</ContractTypeName><CustomerStartDate>2020-01-01</CustomerStartDate><CustomerEndDate>9999-12-31</CustomerEndDate><Amounts><Amount ValueDate="2020-12-31">26842.19</Amount><Amount ValueDate="2021-12-31">27190.98</Amount><Amount ValueDate="2022-12-31">27544.32</Amount></Amounts></Contract></Contracts></CustomerRelations></Customer><Customer CustomerSequenceNumber="74"><CustomerIdentification><NaturalPersonId><RRNIdentification>46040818386</RRNIdentification></NaturalPersonId></CustomerIdentification><CustomerRelations><Contracts><Contract><ContractTypeName>LifeInsurance</ContractTypeName><CustomerStartDate>2020-01-01</CustomerStartDate><CustomerEndDate>9999-12-31</CustomerEndDate><Amounts><Amount ValueDate="2020-12-31">79673.4</Amount><Amount ValueDate="2021-12-31">80188.3</Amount><Amount ValueDate="2022-12-31">29136.94</Amount></Amounts></Contract></Contracts></CustomerRelations></Customer><Customer CustomerSequenceNumber="75"><CustomerIdentification><NaturalPersonId><RRNIdentification>51070323717</RRNIdentification></NaturalPersonId></CustomerIdentification><CustomerRelations><Contracts><Contract><ContractTypeName>LifeInsurance</ContractTypeName><CustomerStartDate>2022-09-26</CustomerStartDate><CustomerEndDate>9999-12-31</CustomerEndDate></Contract></Contracts></CustomerRelations></Customer><Customer CustomerSequenceNumber="76"><CustomerIdentification><NaturalPersonId><RRNIdentification>76033108817</RRNIdentification></NaturalPersonId></CustomerIdentification><CustomerRelations><Contracts><Contract><ContractTypeName>LifeInsurance</ContractTypeName><CustomerStartDate>2021-08-12</CustomerStartDate><CustomerEndDate>9999-12-31</CustomerEndDate><Amounts><Amount ValueDate="2021-12-31">0</Amount></Amounts></Contract></Contracts></CustomerRelations></Customer><Customer CustomerSequenceNumber="77"><CustomerIdentification><NaturalPersonId><RRNIdentification>54100800289</RRNIdentification></NaturalPersonId></CustomerIdentification><CustomerRelations><Contracts><Contract><ContractTypeName>LifeInsurance</ContractTypeName><CustomerStartDate>2021-09-03</CustomerStartDate><CustomerEndDate>9999-12-31</CustomerEndDate><Amounts><Amount ValueDate="2021-12-31">0</Amount></Amounts></Contract></Contracts></CustomerRelations></Customer><Customer CustomerSequenceNumber="78"><CustomerIdentification><NaturalPersonId><RRNIdentification>60051828384</RRNIdentification></NaturalPersonId></CustomerIdentification><CustomerRelations><Contracts><Contract><ContractTypeName>LifeInsurance</ContractTypeName><CustomerStartDate>2020-01-01</CustomerStartDate><CustomerEndDate>9999-12-31</CustomerEndDate><Amounts><Amount ValueDate="2020-12-31">19411.05</Amount><Amount ValueDate="2021-12-31">19490.44</Amount><Amount ValueDate="2022-12-31">19570.5</Amount></Amounts></Contract></Contracts></CustomerRelations></Customer><Customer CustomerSequenceNumber="79"><CustomerIdentification><NaturalPersonId><RRNIdentification>64042930602</RRNIdentification></NaturalPersonId></CustomerIdentification><CustomerRelations><Contracts><Contract><ContractTypeName>LifeInsurance</ContractTypeName><CustomerStartDate>2020-01-01</CustomerStartDate><CustomerEndDate>2020-06-16</CustomerEndDate></Contract></Contracts></CustomerRelations></Customer><Customer CustomerSequenceNumber="80"><CustomerIdentification><NaturalPersonId><RRNIdentification>52110724238</RRNIdentification></NaturalPersonId></CustomerIdentification><CustomerRelations><Contracts><Contract><ContractTypeName>LifeInsurance</ContractTypeName><CustomerStartDate>2020-01-01</CustomerStartDate><CustomerEndDate>9999-12-31</CustomerEndDate><Amounts><Amount ValueDate="2020-12-31">98924.15</Amount><Amount ValueDate="2021-12-31">100207.4</Amount><Amount ValueDate="2022-12-31">101507.33</Amount></Amounts></Contract></Contracts></CustomerRelations></Customer><Customer CustomerSequenceNumber="81"><CustomerIdentification><NaturalPersonId><RRNIdentification>47061620058</RRNIdentification></NaturalPersonId></CustomerIdentification><CustomerRelations><Contracts><Contract><ContractTypeName>LifeInsurance</ContractTypeName><CustomerStartDate>2020-01-01</CustomerStartDate><CustomerEndDate>2022-02-23</CustomerEndDate><Amounts><Amount ValueDate="2020-12-31">45117.85</Amount><Amount ValueDate="2021-12-31">45860.48</Amount></Amounts></Contract></Contracts></CustomerRelations></Customer><Customer CustomerSequenceNumber="82"><CustomerIdentification><NaturalPersonId><RRNIdentification>67100922215</RRNIdentification></NaturalPersonId></CustomerIdentification><CustomerRelations><Contracts><Contract><ContractTypeName>LifeInsurance</ContractTypeName><CustomerStartDate>2023-02-03</CustomerStartDate><CustomerEndDate>9999-12-31</CustomerEndDate></Contract></Contracts></CustomerRelations></Customer><Customer CustomerSequenceNumber="83"><CustomerIdentification><NaturalPersonId><RRNIdentification>50090421797</RRNIdentification></NaturalPersonId></CustomerIdentification><CustomerRelations><Contracts><Contract><ContractTypeName>LifeInsurance</ContractTypeName><CustomerStartDate>2020-01-01</CustomerStartDate><CustomerEndDate>9999-12-31</CustomerEndDate><Amounts><Amount ValueDate="2020-12-31">41021.71</Amount><Amount ValueDate="2021-12-31">61266.04</Amount><Amount ValueDate="2022-12-31">62059.64</Amount></Amounts></Contract></Contracts></CustomerRelations></Customer><Customer CustomerSequenceNumber="84"><CustomerIdentification><NaturalPersonId><RRNIdentification>80010829486</RRNIdentification></NaturalPersonId></CustomerIdentification><CustomerRelations><Contracts><Contract><ContractTypeName>LifeInsurance</ContractTypeName><CustomerStartDate>2021-09-20</CustomerStartDate><CustomerEndDate>9999-12-31</CustomerEndDate><Amounts><Amount ValueDate="2021-12-31">0</Amount></Amounts></Contract></Contracts></CustomerRelations></Customer><Customer CustomerSequenceNumber="85"><CustomerIdentification><NaturalPersonId><RRNIdentification>69071525616</RRNIdentification></NaturalPersonId></CustomerIdentification><CustomerRelations><Contracts><Contract><ContractTypeName>MortgageLoan</ContractTypeName><CustomerStartDate>2016-01-01</CustomerStartDate><CustomerEndDate>2016-12-31</CustomerEndDate></Contract></Contracts></CustomerRelations></Customer><Customer CustomerSequenceNumber="86"><CustomerIdentification><NaturalPersonId><RRNIdentification>26010614039</RRNIdentification></NaturalPersonId></CustomerIdentification><CustomerRelations><Contracts><Contract><ContractTypeName>LifeInsurance</ContractTypeName><CustomerStartDate>2020-01-01</CustomerStartDate><CustomerEndDate>2023-03-10</CustomerEndDate><Amounts><Amount ValueDate="2020-12-31">1069.71</Amount><Amount ValueDate="2021-12-31">1095.07</Amount><Amount ValueDate="2022-12-31">989.27</Amount></Amounts></Contract></Contracts></CustomerRelations></Customer><Customer CustomerSequenceNumber="87"><CustomerIdentification><NaturalPersonId><RRNIdentification>53051631166</RRNIdentification></NaturalPersonId></CustomerIdentification><CustomerRelations><Contracts><Contract><ContractTypeName>LifeInsurance</ContractTypeName><CustomerStartDate>2020-01-01</CustomerStartDate><CustomerEndDate>9999-12-31</CustomerEndDate><Amounts><Amount ValueDate="2020-12-31">51263.78</Amount><Amount ValueDate="2021-12-31">51929.91</Amount><Amount ValueDate="2022-12-31">52604.7</Amount></Amounts></Contract></Contracts></CustomerRelations></Customer><Customer CustomerSequenceNumber="88"><CustomerIdentification><NaturalPersonId><RRNIdentification>64060626469</RRNIdentification></NaturalPersonId></CustomerIdentification><CustomerRelations><Contracts><Contract><ContractTypeName>LifeInsurance</ContractTypeName><CustomerStartDate>2020-01-01</CustomerStartDate><CustomerEndDate>2021-11-03</CustomerEndDate><Amounts><Amount ValueDate="2020-12-31">0</Amount></Amounts></Contract></Contracts></CustomerRelations></Customer><Customer CustomerSequenceNumber="89"><CustomerIdentification><NaturalPersonId><RRNIdentification>78040521342</RRNIdentification></NaturalPersonId></CustomerIdentification><CustomerRelations><Contracts><Contract><ContractTypeName>LifeInsurance</ContractTypeName><CustomerStartDate>2021-10-13</CustomerStartDate><CustomerEndDate>9999-12-31</CustomerEndDate><Amounts><Amount ValueDate="2021-12-31">29416.28</Amount></Amounts></Contract></Contracts></CustomerRelations></Customer><Customer CustomerSequenceNumber="90"><CustomerIdentification><NaturalPersonId><RRNIdentification>63112440482</RRNIdentification></NaturalPersonId></CustomerIdentification><CustomerRelations><Contracts><Contract><ContractTypeName>MortgageLoan</ContractTypeName><CustomerStartDate>2016-01-01</CustomerStartDate><CustomerEndDate>2016-12-31</CustomerEndDate></Contract></Contracts></CustomerRelations></Customer><Customer CustomerSequenceNumber="91"><CustomerIdentification><NaturalPersonId><RRNIdentification>73090208593</RRNIdentification></NaturalPersonId></CustomerIdentification><CustomerRelations><Contracts><Contract><ContractTypeName>LifeInsurance</ContractTypeName><CustomerStartDate>2020-09-07</CustomerStartDate><CustomerEndDate>9999-12-31</CustomerEndDate><Amounts><Amount ValueDate="2020-12-31">0</Amount><Amount ValueDate="2021-12-31">0</Amount><Amount ValueDate="2022-12-31">0</Amount></Amounts></Contract></Contracts></CustomerRelations></Customer><Customer CustomerSequenceNumber="92"><CustomerIdentification><NaturalPersonId><RRNIdentification>41032620591</RRNIdentification></NaturalPersonId></CustomerIdentification><CustomerRelations><Contracts><Contract><ContractTypeName>LifeInsurance</ContractTypeName><CustomerStartDate>2021-03-22</CustomerStartDate><CustomerEndDate>9999-12-31</CustomerEndDate><Amounts><Amount ValueDate="2021-12-31">19581.25</Amount><Amount ValueDate="2022-12-31">19813.74</Amount></Amounts></Contract></Contracts></CustomerRelations></Customer><Customer CustomerSequenceNumber="90727"><CustomerIdentification><NaturalPersonId><NaturalPersonDetailsId><FirstName>Sofian</FirstName><LastName>Tennah</LastName><BirthDay><BirthDate>1977-02-14</BirthDate></BirthDay><BirthPlace><BirthCity>00</BirthCity><BirthCountry>00</BirthCountry></BirthPlace></NaturalPersonDetailsId></NaturalPersonId></CustomerIdentification><CustomerRelations><Contracts><Contract><ContractTypeName>LifeInsurance</ContractTypeName><CustomerStartDate>2021-03-16</CustomerStartDate><CustomerEndDate>9999-12-31</CustomerEndDate><Amounts><Amount ValueDate="2021-12-31">0</Amount></Amounts></Contract></Contracts></CustomerRelations></Customer><Customer CustomerSequenceNumber="90728"><CustomerIdentification><NaturalPersonId><RRNIdentification>89080266338</RRNIdentification></NaturalPersonId></CustomerIdentification><CustomerRelations><Contracts><Contract><ContractTypeName>LifeInsurance</ContractTypeName><CustomerStartDate>2021-06-25</CustomerStartDate><CustomerEndDate>9999-12-31</CustomerEndDate><Amounts><Amount ValueDate="2021-12-31">0</Amount></Amounts></Contract></Contracts></CustomerRelations></Customer><Customer CustomerSequenceNumber="90729"><CustomerIdentification><NaturalPersonId><NaturalPersonDetailsId><FirstName>Martin</FirstName><LastName>Haanstra</LastName><BirthDay><BirthDate>1966-11-10</BirthDate></BirthDay><BirthPlace><BirthCity>00</BirthCity><BirthCountry>00</BirthCountry></BirthPlace></NaturalPersonDetailsId></NaturalPersonId></CustomerIdentification><CustomerRelations><Contracts><Contract><ContractTypeName>LifeInsurance</ContractTypeName><CustomerStartDate>2021-06-08</CustomerStartDate><CustomerEndDate>9999-12-31</CustomerEndDate><Amounts><Amount ValueDate="2021-12-31">0</Amount></Amounts></Contract></Contracts></CustomerRelations></Customer><Customer CustomerSequenceNumber="90730"><CustomerIdentification><NaturalPersonId><RRNIdentification>92080944314</RRNIdentification></NaturalPersonId></CustomerIdentification><CustomerRelations><Contracts><Contract><ContractTypeName>LifeInsurance</ContractTypeName><CustomerStartDate>2020-12-16</CustomerStartDate><CustomerEndDate>9999-12-31</CustomerEndDate><Amounts><Amount ValueDate="2020-12-31">0</Amount><Amount ValueDate="2021-12-31">0</Amount><Amount ValueDate="2022-12-31">0</Amount></Amounts></Contract></Contracts></CustomerRelations></Customer><Customer CustomerSequenceNumber="90731"><CustomerIdentification><NaturalPersonId><NaturalPersonDetailsId><FirstName>Mambet</FirstName><LastName>Cisse</LastName><BirthDay><BirthDate>1982-12-24</BirthDate></BirthDay><BirthPlace><BirthCity>00</BirthCity><BirthCountry>00</BirthCountry></BirthPlace></NaturalPersonDetailsId></NaturalPersonId></CustomerIdentification><CustomerRelations><Contracts><Contract><ContractTypeName>LifeInsurance</ContractTypeName><CustomerStartDate>2020-11-09</CustomerStartDate><CustomerEndDate>9999-12-31</CustomerEndDate><Amounts><Amount ValueDate="2020-12-31">0</Amount><Amount ValueDate="2021-12-31">0</Amount><Amount ValueDate="2022-12-31">0</Amount></Amounts></Contract></Contracts></CustomerRelations></Customer><Customer CustomerSequenceNumber="90732"><CustomerIdentification><NaturalPersonId><NaturalPersonDetailsId><FirstName>Josephina Maria</FirstName><LastName>Coppens</LastName><BirthDay><BirthDate>1938-11-17</BirthDate></BirthDay><BirthPlace><BirthCity>00</BirthCity><BirthCountry>00</BirthCountry></BirthPlace></NaturalPersonDetailsId></NaturalPersonId></CustomerIdentification><CustomerRelations><Contracts><Contract><ContractTypeName>LifeInsurance</ContractTypeName><CustomerStartDate>2021-04-13</CustomerStartDate><CustomerEndDate>9999-12-31</CustomerEndDate><Amounts><Amount ValueDate="2021-12-31">0</Amount></Amounts></Contract></Contracts></CustomerRelations></Customer><Customer CustomerSequenceNumber="90733"><CustomerIdentification><NaturalPersonId><NaturalPersonDetailsId><FirstName>Adamczyk</FirstName><LastName>ireneusz</LastName><BirthDay><BirthDate>1978-12-28</BirthDate></BirthDay><BirthPlace><BirthCity>00</BirthCity><BirthCountry>00</BirthCountry></BirthPlace></NaturalPersonDetailsId></NaturalPersonId></CustomerIdentification><CustomerRelations><Contracts><Contract><ContractTypeName>LifeInsurance</ContractTypeName><CustomerStartDate>2021-07-01</CustomerStartDate><CustomerEndDate>9999-12-31</CustomerEndDate><Amounts><Amount ValueDate="2021-12-31">0</Amount></Amounts></Contract></Contracts></CustomerRelations></Customer><Customer CustomerSequenceNumber="90734"><CustomerIdentification><NaturalPersonId><NaturalPersonDetailsId><FirstName>Magdalena</FirstName><LastName>ROMANOWSKA</LastName><BirthDay><BirthDate>1993-07-24</BirthDate></BirthDay><BirthPlace><BirthCity>00</BirthCity><BirthCountry>00</BirthCountry></BirthPlace></NaturalPersonDetailsId></NaturalPersonId></CustomerIdentification><CustomerRelations><Contracts><Contract><ContractTypeName>LifeInsurance</ContractTypeName><CustomerStartDate>2021-07-07</CustomerStartDate><CustomerEndDate>9999-12-31</CustomerEndDate><Amounts><Amount ValueDate="2021-12-31">0</Amount></Amounts></Contract></Contracts></CustomerRelations></Customer><Customer CustomerSequenceNumber="90735"><CustomerIdentification><NaturalPersonId><NaturalPersonDetailsId><FirstName>Afzal</FirstName><LastName>Doestzada</LastName><BirthDay><BirthDate>1988-02-03</BirthDate></BirthDay><BirthPlace><BirthCity>00</BirthCity><BirthCountry>00</BirthCountry></BirthPlace></NaturalPersonDetailsId></NaturalPersonId></CustomerIdentification><CustomerRelations><Contracts><Contract><ContractTypeName>LifeInsurance</ContractTypeName><CustomerStartDate>2021-01-21</CustomerStartDate><CustomerEndDate>9999-12-31</CustomerEndDate><Amounts><Amount ValueDate="2021-12-31">0</Amount><Amount ValueDate="2022-12-31">0</Amount></Amounts></Contract></Contracts></CustomerRelations></Customer><Customer CustomerSequenceNumber="90736"><CustomerIdentification><NaturalPersonId><NaturalPersonDetailsId><FirstName>Palit</FirstName><LastName>Ahmet</LastName><BirthDay><BirthDate>1971-04-13</BirthDate></BirthDay><BirthPlace><BirthCity>00</BirthCity><BirthCountry>00</BirthCountry></BirthPlace></NaturalPersonDetailsId></NaturalPersonId></CustomerIdentification><CustomerRelations><Contracts><Contract><ContractTypeName>LifeInsurance</ContractTypeName><CustomerStartDate>2020-10-12</CustomerStartDate><CustomerEndDate>9999-12-31</CustomerEndDate><Amounts><Amount ValueDate="2020-12-31">0</Amount><Amount ValueDate="2021-12-31">0</Amount><Amount ValueDate="2022-12-31">0</Amount></Amounts></Contract></Contracts></CustomerRelations></Customer><Customer CustomerSequenceNumber="90737"><CustomerIdentification><NaturalPersonId><NaturalPersonDetailsId><FirstName>Michael</FirstName><LastName>Fagoe</LastName><BirthDay><BirthDate>1993-10-12</BirthDate></BirthDay><BirthPlace><BirthCity>00</BirthCity><BirthCountry>00</BirthCountry></BirthPlace></NaturalPersonDetailsId></NaturalPersonId></CustomerIdentification><CustomerRelations><Contracts><Contract><ContractTypeName>LifeInsurance</ContractTypeName><CustomerStartDate>2021-05-18</CustomerStartDate><CustomerEndDate>9999-12-31</CustomerEndDate><Amounts><Amount ValueDate="2021-12-31">0</Amount></Amounts></Contract></Contracts></CustomerRelations></Customer><Customer CustomerSequenceNumber="90738"><CustomerIdentification><NaturalPersonId><NaturalPersonDetailsId><FirstName>Susanna</FirstName><LastName>Wijenbergh</LastName><BirthDay><BirthDate>1975-12-06</BirthDate></BirthDay><BirthPlace><BirthCity>00</BirthCity><BirthCountry>00</BirthCountry></BirthPlace></NaturalPersonDetailsId></NaturalPersonId></CustomerIdentification><CustomerRelations><Contracts><Contract><ContractTypeName>LifeInsurance</ContractTypeName><CustomerStartDate>2021-04-20</CustomerStartDate><CustomerEndDate>9999-12-31</CustomerEndDate><Amounts><Amount ValueDate="2021-12-31">0</Amount></Amounts></Contract></Contracts></CustomerRelations></Customer><Customer CustomerSequenceNumber="90739"><CustomerIdentification><NaturalPersonId><NaturalPersonDetailsId><FirstName>Yusnie</FirstName><LastName>ILIYANOVA</LastName><BirthDay><BirthDate>1987-07-04</BirthDate></BirthDay><BirthPlace><BirthCity>00</BirthCity><BirthCountry>00</BirthCountry></BirthPlace></NaturalPersonDetailsId></NaturalPersonId></CustomerIdentification><CustomerRelations><Contracts><Contract><ContractTypeName>LifeInsurance</ContractTypeName><CustomerStartDate>2021-03-16</CustomerStartDate><CustomerEndDate>9999-12-31</CustomerEndDate><Amounts><Amount ValueDate="2021-12-31">0</Amount></Amounts></Contract></Contracts></CustomerRelations></Customer><Customer CustomerSequenceNumber="90740"><CustomerIdentification><NaturalPersonId><NaturalPersonDetailsId><FirstName>Dione</FirstName><LastName>vAN DOORN</LastName><BirthDay><BirthDate>1998-02-09</BirthDate></BirthDay><BirthPlace><BirthCity>00</BirthCity><BirthCountry>00</BirthCountry></BirthPlace></NaturalPersonDetailsId></NaturalPersonId></CustomerIdentification><CustomerRelations><Contracts><Contract><ContractTypeName>LifeInsurance</ContractTypeName><CustomerStartDate>2021-01-12</CustomerStartDate><CustomerEndDate>9999-12-31</CustomerEndDate><Amounts><Amount ValueDate="2021-12-31">0</Amount><Amount ValueDate="2022-12-31">0</Amount></Amounts></Contract></Contracts></CustomerRelations></Customer><Customer CustomerSequenceNumber="90741"><CustomerIdentification><NaturalPersonId><RRNIdentification>15053003724</RRNIdentification></NaturalPersonId></CustomerIdentification><CustomerRelations><Contracts><Contract><ContractTypeName>LifeInsurance</ContractTypeName><CustomerStartDate>2023-03-21</CustomerStartDate><CustomerEndDate>9999-12-31</CustomerEndDate></Contract></Contracts></CustomerRelations></Customer><Customer CustomerSequenceNumber="90742"><CustomerIdentification><NaturalPersonId><NaturalPersonDetailsId><FirstName>Noë</FirstName><LastName>Salva</LastName><BirthDay><BirthDate>1974-04-03</BirthDate></BirthDay><BirthPlace><BirthCity>00</BirthCity><BirthCountry>00</BirthCountry></BirthPlace></NaturalPersonDetailsId></NaturalPersonId></CustomerIdentification><CustomerRelations><Contracts><Contract><ContractTypeName>MortgageLoan</ContractTypeName><CustomerStartDate>2014-01-01</CustomerStartDate><CustomerEndDate>2019-12-31</CustomerEndDate></Contract></Contracts></CustomerRelations></Customer><Customer CustomerSequenceNumber="90743"><CustomerIdentification><NaturalPersonId><NaturalPersonDetailsId><FirstName>Elisabeth</FirstName><LastName>Strick</LastName><BirthDay><BirthDate>1945-07-28</BirthDate></BirthDay><BirthPlace><BirthCity>00</BirthCity><BirthCountry>00</BirthCountry></BirthPlace></NaturalPersonDetailsId></NaturalPersonId></CustomerIdentification><CustomerRelations><Contracts><Contract><ContractTypeName>LifeInsurance</ContractTypeName><CustomerStartDate>2021-01-15</CustomerStartDate><CustomerEndDate>9999-12-31</CustomerEndDate><Amounts><Amount ValueDate="2021-12-31">0</Amount><Amount ValueDate="2022-12-31">0</Amount></Amounts></Contract></Contracts></CustomerRelations></Customer><Customer CustomerSequenceNumber="90744"><CustomerIdentification><NaturalPersonId><NaturalPersonDetailsId><FirstName>Ali Ihsan</FirstName><LastName>Kekec</LastName><BirthDay><BirthDate>1964-04-05</BirthDate></BirthDay><BirthPlace><BirthCity>00</BirthCity><BirthCountry>00</BirthCountry></BirthPlace></NaturalPersonDetailsId></NaturalPersonId></CustomerIdentification><CustomerRelations><Contracts><Contract><ContractTypeName>LifeInsurance</ContractTypeName><CustomerStartDate>2021-05-31</CustomerStartDate><CustomerEndDate>9999-12-31</CustomerEndDate><Amounts><Amount ValueDate="2021-12-31">0</Amount></Amounts></Contract></Contracts></CustomerRelations></Customer><Customer CustomerSequenceNumber="90745"><CustomerIdentification><NaturalPersonId><NaturalPersonDetailsId><FirstName>Michalis</FirstName><LastName>Velentakis</LastName><BirthDay><BirthDate>1989-03-22</BirthDate></BirthDay><BirthPlace><BirthCity>00</BirthCity><BirthCountry>00</BirthCountry></BirthPlace></NaturalPersonDetailsId></NaturalPersonId></CustomerIdentification><CustomerRelations><Contracts><Contract><ContractTypeName>LifeInsurance</ContractTypeName><CustomerStartDate>2021-02-26</CustomerStartDate><CustomerEndDate>9999-12-31</CustomerEndDate><Amounts><Amount ValueDate="2021-12-31">0</Amount></Amounts></Contract></Contracts></CustomerRelations></Customer><Customer CustomerSequenceNumber="90746"><CustomerIdentification><NaturalPersonId><NaturalPersonDetailsId><FirstName>Pieter</FirstName><LastName>Louwe</LastName><BirthDay><BirthDate>1989-03-17</BirthDate></BirthDay><BirthPlace><BirthCity>00</BirthCity><BirthCountry>00</BirthCountry></BirthPlace></NaturalPersonDetailsId></NaturalPersonId></CustomerIdentification><CustomerRelations><Contracts><Contract><ContractTypeName>LifeInsurance</ContractTypeName><CustomerStartDate>2021-03-10</CustomerStartDate><CustomerEndDate>9999-12-31</CustomerEndDate><Amounts><Amount ValueDate="2021-12-31">0</Amount></Amounts></Contract></Contracts></CustomerRelations></Customer><Customer CustomerSequenceNumber="90747"><CustomerIdentification><NaturalPersonId><NaturalPersonDetailsId><FirstName>Mariennet</FirstName><LastName>Baarslag</LastName><BirthDay><BirthDate>1944-04-26</BirthDate></BirthDay><BirthPlace><BirthCity>00</BirthCity><BirthCountry>00</BirthCountry></BirthPlace></NaturalPersonDetailsId></NaturalPersonId></CustomerIdentification><CustomerRelations><Contracts><Contract><ContractTypeName>LifeInsurance</ContractTypeName><CustomerStartDate>2020-12-30</CustomerStartDate><CustomerEndDate>9999-12-31</CustomerEndDate><Amounts><Amount ValueDate="2020-12-31">0</Amount><Amount ValueDate="2021-12-31">0</Amount></Amounts></Contract></Contracts></CustomerRelations></Customer><Customer CustomerSequenceNumber="90748"><CustomerIdentification><NaturalPersonId><NaturalPersonDetailsId><FirstName>Zsa Zsa M</FirstName><LastName>Szatmari Szabo</LastName><BirthDay><BirthDate>1991-06-19</BirthDate></BirthDay><BirthPlace><BirthCity>00</BirthCity><BirthCountry>00</BirthCountry></BirthPlace></NaturalPersonDetailsId></NaturalPersonId></CustomerIdentification><CustomerRelations><Contracts><Contract><ContractTypeName>LifeInsurance</ContractTypeName><CustomerStartDate>2021-05-27</CustomerStartDate><CustomerEndDate>9999-12-31</CustomerEndDate><Amounts><Amount ValueDate="2021-12-31">0</Amount></Amounts></Contract></Contracts></CustomerRelations></Customer><Customer CustomerSequenceNumber="90749"><CustomerIdentification><NaturalPersonId><RRNIdentification>02081429096</RRNIdentification></NaturalPersonId></CustomerIdentification><CustomerRelations><Contracts><Contract><ContractTypeName>LifeInsurance</ContractTypeName><CustomerStartDate>2021-10-07</CustomerStartDate><CustomerEndDate>9999-12-31</CustomerEndDate><Amounts><Amount ValueDate="2021-12-31">0</Amount></Amounts></Contract></Contracts></CustomerRelations></Customer><Customer CustomerSequenceNumber="90750"><CustomerIdentification><NaturalPersonId><NaturalPersonDetailsId><FirstName>Willem Jan</FirstName><LastName>Hengeveld</LastName><BirthDay><BirthDate>1946-08-12</BirthDate></BirthDay><BirthPlace><BirthCity>00</BirthCity><BirthCountry>00</BirthCountry></BirthPlace></NaturalPersonDetailsId></NaturalPersonId></CustomerIdentification><CustomerRelations><Contracts><Contract><ContractTypeName>LifeInsurance</ContractTypeName><CustomerStartDate>2021-04-01</CustomerStartDate><CustomerEndDate>9999-12-31</CustomerEndDate><Amounts><Amount ValueDate="2021-12-31">0</Amount></Amounts></Contract></Contracts></CustomerRelations></Customer><Customer CustomerSequenceNumber="90751"><CustomerIdentification><NaturalPersonId><NaturalPersonDetailsId><FirstName>Aziz</FirstName><LastName>Michmich</LastName><BirthDay><BirthDate>1969-01-21</BirthDate></BirthDay><BirthPlace><BirthCity>00</BirthCity><BirthCountry>00</BirthCountry></BirthPlace></NaturalPersonDetailsId></NaturalPersonId></CustomerIdentification><CustomerRelations><Contracts><Contract><ContractTypeName>LifeInsurance</ContractTypeName><CustomerStartDate>2021-06-17</CustomerStartDate><CustomerEndDate>9999-12-31</CustomerEndDate><Amounts><Amount ValueDate="2021-12-31">0</Amount></Amounts></Contract></Contracts></CustomerRelations></Customer><Customer CustomerSequenceNumber="90752"><CustomerIdentification><NaturalPersonId><RRNIdentification>93091844165</RRNIdentification></NaturalPersonId></CustomerIdentification><CustomerRelations><Contracts><Contract><ContractTypeName>LifeInsurance</ContractTypeName><CustomerStartDate>2021-06-22</CustomerStartDate><CustomerEndDate>9999-12-31</CustomerEndDate><Amounts><Amount ValueDate="2021-12-31">0</Amount></Amounts></Contract></Contracts></CustomerRelations></Customer><Customer CustomerSequenceNumber="90753"><CustomerIdentification><NaturalPersonId><NaturalPersonDetailsId><FirstName>WAHIDULLAH</FirstName><LastName>Momand</LastName><BirthDay><BirthDate>1999-11-30</BirthDate></BirthDay><BirthPlace><BirthCity>00</BirthCity><BirthCountry>00</BirthCountry></BirthPlace></NaturalPersonDetailsId></NaturalPersonId></CustomerIdentification><CustomerRelations><Contracts><Contract><ContractTypeName>LifeInsurance</ContractTypeName><CustomerStartDate>2021-01-11</CustomerStartDate><CustomerEndDate>9999-12-31</CustomerEndDate><Amounts><Amount ValueDate="2021-12-31">0</Amount><Amount ValueDate="2022-12-31">0</Amount></Amounts></Contract></Contracts></CustomerRelations></Customer><Customer CustomerSequenceNumber="90754"><CustomerIdentification><NaturalPersonId><NaturalPersonDetailsId><FirstName>Maciej</FirstName><LastName>Sachajko</LastName><BirthDay><BirthDate>1994-04-23</BirthDate></BirthDay><BirthPlace><BirthCity>00</BirthCity><BirthCountry>00</BirthCountry></BirthPlace></NaturalPersonDetailsId></NaturalPersonId></CustomerIdentification><CustomerRelations><Contracts><Contract><ContractTypeName>LifeInsurance</ContractTypeName><CustomerStartDate>2021-07-01</CustomerStartDate><CustomerEndDate>9999-12-31</CustomerEndDate><Amounts><Amount ValueDate="2021-12-31">0</Amount></Amounts></Contract></Contracts></CustomerRelations></Customer><Customer CustomerSequenceNumber="90755"><CustomerIdentification><NaturalPersonId><NaturalPersonDetailsId><FirstName>Kwanzabi Gisela</FirstName><LastName>BELO WA NGOMBO</LastName><BirthDay><BirthDate>1993-07-13</BirthDate></BirthDay><BirthPlace><BirthCity>00</BirthCity><BirthCountry>00</BirthCountry></BirthPlace></NaturalPersonDetailsId></NaturalPersonId></CustomerIdentification><CustomerRelations><Contracts><Contract><ContractTypeName>LifeInsurance</ContractTypeName><CustomerStartDate>2021-02-18</CustomerStartDate><CustomerEndDate>9999-12-31</CustomerEndDate><Amounts><Amount ValueDate="2021-12-31">0</Amount></Amounts></Contract></Contracts></CustomerRelations></Customer><Customer CustomerSequenceNumber="90756"><CustomerIdentification><NaturalPersonId><NaturalPersonDetailsId><FirstName>Monique Petronella</FirstName><LastName>van Marrewijk</LastName><BirthDay><BirthDate>1972-11-13</BirthDate></BirthDay><BirthPlace><BirthCity>00</BirthCity><BirthCountry>00</BirthCountry></BirthPlace></NaturalPersonDetailsId></NaturalPersonId></CustomerIdentification><CustomerRelations><Contracts><Contract><ContractTypeName>LifeInsurance</ContractTypeName><CustomerStartDate>2021-03-17</CustomerStartDate><CustomerEndDate>9999-12-31</CustomerEndDate><Amounts><Amount ValueDate="2021-12-31">0</Amount></Amounts></Contract></Contracts></CustomerRelations></Customer><Customer CustomerSequenceNumber="90757"><CustomerIdentification><NaturalPersonId><NaturalPersonDetailsId><FirstName>Heidi Cornelia Martinus</FirstName><LastName>Wouters</LastName><BirthDay><BirthDate>1972-05-13</BirthDate></BirthDay><BirthPlace><BirthCity>00</BirthCity><BirthCountry>00</BirthCountry></BirthPlace></NaturalPersonDetailsId></NaturalPersonId></CustomerIdentification><CustomerRelations><Contracts><Contract><ContractTypeName>LifeInsurance</ContractTypeName><CustomerStartDate>2021-04-30</CustomerStartDate><CustomerEndDate>9999-12-31</CustomerEndDate><Amounts><Amount ValueDate="2021-12-31">0</Amount></Amounts></Contract></Contracts></CustomerRelations></Customer><Customer CustomerSequenceNumber="90758"><CustomerIdentification><NaturalPersonId><NaturalPersonDetailsId><FirstName>Tom</FirstName><LastName>BAKKER</LastName><BirthDay><BirthDate>1971-07-15</BirthDate></BirthDay><BirthPlace><BirthCity>00</BirthCity><BirthCountry>00</BirthCountry></BirthPlace></NaturalPersonDetailsId></NaturalPersonId></CustomerIdentification><CustomerRelations><Contracts><Contract><ContractTypeName>LifeInsurance</ContractTypeName><CustomerStartDate>2020-12-01</CustomerStartDate><CustomerEndDate>9999-12-31</CustomerEndDate><Amounts><Amount ValueDate="2020-12-31">0</Amount><Amount ValueDate="2021-12-31">0</Amount><Amount ValueDate="2022-12-31">0</Amount></Amounts></Contract></Contracts></CustomerRelations></Customer><Customer CustomerSequenceNumber="90759"><CustomerIdentification><NaturalPersonId><NaturalPersonDetailsId><FirstName>Johanna</FirstName><LastName>Koelink</LastName><BirthDay><BirthDate>1952-10-18</BirthDate></BirthDay><BirthPlace><BirthCity>00</BirthCity><BirthCountry>00</BirthCountry></BirthPlace></NaturalPersonDetailsId></NaturalPersonId></CustomerIdentification><CustomerRelations><Contracts><Contract><ContractTypeName>LifeInsurance</ContractTypeName><CustomerStartDate>2020-11-04</CustomerStartDate><CustomerEndDate>9999-12-31</CustomerEndDate><Amounts><Amount ValueDate="2020-12-31">0</Amount><Amount ValueDate="2021-12-31">0</Amount><Amount ValueDate="2022-12-31">0</Amount></Amounts></Contract></Contracts></CustomerRelations></Customer><Customer CustomerSequenceNumber="90760"><CustomerIdentification><NaturalPersonId><NaturalPersonDetailsId><FirstName>Somjit</FirstName><LastName>Kruakaewkaew</LastName><BirthDay><BirthDate>1980-04-08</BirthDate></BirthDay><BirthPlace><BirthCity>00</BirthCity><BirthCountry>00</BirthCountry></BirthPlace></NaturalPersonDetailsId></NaturalPersonId></CustomerIdentification><CustomerRelations><Contracts><Contract><ContractTypeName>LifeInsurance</ContractTypeName><CustomerStartDate>2021-07-07</CustomerStartDate><CustomerEndDate>9999-12-31</CustomerEndDate><Amounts><Amount ValueDate="2021-12-31">0</Amount></Amounts></Contract></Contracts></CustomerRelations></Customer><Customer CustomerSequenceNumber="90761"><CustomerIdentification><NaturalPersonId><NaturalPersonDetailsId><FirstName>Abdelouahab</FirstName><LastName>EL Ouarghi El Kammouni</LastName><BirthDay><BirthDate>1971-01-03</BirthDate></BirthDay><BirthPlace><BirthCity>00</BirthCity><BirthCountry>00</BirthCountry></BirthPlace></NaturalPersonDetailsId></NaturalPersonId></CustomerIdentification><CustomerRelations><Contracts><Contract><ContractTypeName>LifeInsurance</ContractTypeName><CustomerStartDate>2020-11-23</CustomerStartDate><CustomerEndDate>9999-12-31</CustomerEndDate><Amounts><Amount ValueDate="2020-12-31">0</Amount><Amount ValueDate="2021-12-31">0</Amount><Amount ValueDate="2022-12-31">0</Amount></Amounts></Contract></Contracts></CustomerRelations></Customer><Customer CustomerSequenceNumber="90762"><CustomerIdentification><NaturalPersonId><NaturalPersonDetailsId><FirstName>Luca</FirstName><LastName>dhur</LastName><BirthDay><BirthDate>2001-03-13</BirthDate></BirthDay><BirthPlace><BirthCity>00</BirthCity><BirthCountry>00</BirthCountry></BirthPlace></NaturalPersonDetailsId></NaturalPersonId></CustomerIdentification><CustomerRelations><Contracts><Contract><ContractTypeName>LifeInsurance</ContractTypeName><CustomerStartDate>2021-01-11</CustomerStartDate><CustomerEndDate>9999-12-31</CustomerEndDate><Amounts><Amount ValueDate="2021-12-31">0</Amount><Amount ValueDate="2022-12-31">0</Amount></Amounts></Contract></Contracts></CustomerRelations></Customer><Customer CustomerSequenceNumber="90763"><CustomerIdentification><NaturalPersonId><NaturalPersonDetailsId><FirstName>Diana</FirstName><LastName>Bitiutckaia</LastName><BirthDay><BirthDate>1986-02-12</BirthDate></BirthDay><BirthPlace><BirthCity>00</BirthCity><BirthCountry>00</BirthCountry></BirthPlace></NaturalPersonDetailsId></NaturalPersonId></CustomerIdentification><CustomerRelations><Contracts><Contract><ContractTypeName>LifeInsurance</ContractTypeName><CustomerStartDate>2021-07-19</CustomerStartDate><CustomerEndDate>9999-12-31</CustomerEndDate><Amounts><Amount ValueDate="2021-12-31">0</Amount></Amounts></Contract></Contracts></CustomerRelations></Customer><Customer CustomerSequenceNumber="90764"><CustomerIdentification><NaturalPersonId><NaturalPersonDetailsId><FirstName>Wilhelmina Clasina Christina D</FirstName><LastName>Van Gils</LastName><BirthDay><BirthDate>1966-01-29</BirthDate></BirthDay><BirthPlace><BirthCity>00</BirthCity><BirthCountry>00</BirthCountry></BirthPlace></NaturalPersonDetailsId></NaturalPersonId></CustomerIdentification><CustomerRelations><Contracts><Contract><ContractTypeName>LifeInsurance</ContractTypeName><CustomerStartDate>2020-11-25</CustomerStartDate><CustomerEndDate>9999-12-31</CustomerEndDate><Amounts><Amount ValueDate="2020-12-31">0</Amount><Amount ValueDate="2021-12-31">0</Amount><Amount ValueDate="2022-12-31">0</Amount></Amounts></Contract></Contracts></CustomerRelations></Customer><Customer CustomerSequenceNumber="90765"><CustomerIdentification><NaturalPersonId><NaturalPersonDetailsId><FirstName>Imane</FirstName><LastName>Traimes</LastName><BirthDay><BirthDate>1998-09-16</BirthDate></BirthDay><BirthPlace><BirthCity>00</BirthCity><BirthCountry>00</BirthCountry></BirthPlace></NaturalPersonDetailsId></NaturalPersonId></CustomerIdentification><CustomerRelations><Contracts><Contract><ContractTypeName>LifeInsurance</ContractTypeName><CustomerStartDate>2021-07-07</CustomerStartDate><CustomerEndDate>9999-12-31</CustomerEndDate><Amounts><Amount ValueDate="2021-12-31">0</Amount></Amounts></Contract></Contracts></CustomerRelations></Customer><Customer CustomerSequenceNumber="90766"><CustomerIdentification><NaturalPersonId><NaturalPersonDetailsId><FirstName>Bartholomeus Dirk</FirstName><LastName>CLAUWAERT</LastName><BirthDay><BirthDate>1962-04-17</BirthDate></BirthDay><BirthPlace><BirthCity>00</BirthCity><BirthCountry>00</BirthCountry></BirthPlace></NaturalPersonDetailsId></NaturalPersonId></CustomerIdentification><CustomerRelations><Contracts><Contract><ContractTypeName>LifeInsurance</ContractTypeName><CustomerStartDate>2020-11-10</CustomerStartDate><CustomerEndDate>9999-12-31</CustomerEndDate><Amounts><Amount ValueDate="2020-12-31">0</Amount><Amount ValueDate="2021-12-31">0</Amount><Amount ValueDate="2022-12-31">0</Amount></Amounts></Contract></Contracts></CustomerRelations></Customer><Customer CustomerSequenceNumber="90767"><CustomerIdentification><NaturalPersonId><NaturalPersonDetailsId><FirstName>Jasper</FirstName><LastName>Van Engelen</LastName><BirthDay><BirthDate>1994-05-30</BirthDate></BirthDay><BirthPlace><BirthCity>00</BirthCity><BirthCountry>00</BirthCountry></BirthPlace></NaturalPersonDetailsId></NaturalPersonId></CustomerIdentification><CustomerRelations><Contracts><Contract><ContractTypeName>LifeInsurance</ContractTypeName><CustomerStartDate>2021-03-04</CustomerStartDate><CustomerEndDate>9999-12-31</CustomerEndDate><Amounts><Amount ValueDate="2021-12-31">0</Amount></Amounts></Contract></Contracts></CustomerRelations></Customer><Customer CustomerSequenceNumber="90768"><CustomerIdentification><NaturalPersonId><NaturalPersonDetailsId><FirstName>Patrick</FirstName><LastName>Van Der Stokker</LastName><BirthDay><BirthDate>1980-08-09</BirthDate></BirthDay><BirthPlace><BirthCity>00</BirthCity><BirthCountry>00</BirthCountry></BirthPlace></NaturalPersonDetailsId></NaturalPersonId></CustomerIdentification><CustomerRelations><Contracts><Contract><ContractTypeName>LifeInsurance</ContractTypeName><CustomerStartDate>2020-12-18</CustomerStartDate><CustomerEndDate>9999-12-31</CustomerEndDate><Amounts><Amount ValueDate="2020-12-31">0</Amount><Amount ValueDate="2021-12-31">0</Amount><Amount ValueDate="2022-12-31">0</Amount></Amounts></Contract></Contracts></CustomerRelations></Customer><Customer CustomerSequenceNumber="90769"><CustomerIdentification><NaturalPersonId><NaturalPersonDetailsId><FirstName>Alvaro</FirstName><LastName>Furones Cuadrado</LastName><BirthDay><BirthDate>1998-02-12</BirthDate></BirthDay><BirthPlace><BirthCity>00</BirthCity><BirthCountry>00</BirthCountry></BirthPlace></NaturalPersonDetailsId></NaturalPersonId></CustomerIdentification><CustomerRelations><Contracts><Contract><ContractTypeName>LifeInsurance</ContractTypeName><CustomerStartDate>2020-10-15</CustomerStartDate><CustomerEndDate>9999-12-31</CustomerEndDate><Amounts><Amount ValueDate="2020-12-31">0</Amount><Amount ValueDate="2021-12-31">0</Amount><Amount ValueDate="2022-12-31">0</Amount></Amounts></Contract></Contracts></CustomerRelations></Customer><Customer CustomerSequenceNumber="90770"><CustomerIdentification><NaturalPersonId><RRNIdentification>85050267320</RRNIdentification></NaturalPersonId></CustomerIdentification><CustomerRelations><Contracts><Contract><ContractTypeName>LifeInsurance</ContractTypeName><CustomerStartDate>2020-10-09</CustomerStartDate><CustomerEndDate>9999-12-31</CustomerEndDate><Amounts><Amount ValueDate="2020-12-31">0</Amount><Amount ValueDate="2021-12-31">0</Amount><Amount ValueDate="2022-12-31">0</Amount></Amounts></Contract></Contracts></CustomerRelations></Customer><Customer CustomerSequenceNumber="90771"><CustomerIdentification><NaturalPersonId><NaturalPersonDetailsId><FirstName>Mohamed</FirstName><LastName>Abdi Yussuf</LastName><BirthDay><BirthDate>1995-01-01</BirthDate></BirthDay><BirthPlace><BirthCity>00</BirthCity><BirthCountry>00</BirthCountry></BirthPlace></NaturalPersonDetailsId></NaturalPersonId></CustomerIdentification><CustomerRelations><Contracts><Contract><ContractTypeName>LifeInsurance</ContractTypeName><CustomerStartDate>2021-01-25</CustomerStartDate><CustomerEndDate>9999-12-31</CustomerEndDate><Amounts><Amount ValueDate="2021-12-31">0</Amount><Amount ValueDate="2022-12-31">0</Amount></Amounts></Contract></Contracts></CustomerRelations></Customer><Customer CustomerSequenceNumber="90772"><CustomerIdentification><NaturalPersonId><NaturalPersonDetailsId><FirstName>Zbigniew Jacek</FirstName><LastName>Karczewski</LastName><BirthDay><BirthDate>1989-06-16</BirthDate></BirthDay><BirthPlace><BirthCity>00</BirthCity><BirthCountry>00</BirthCountry></BirthPlace></NaturalPersonDetailsId></NaturalPersonId></CustomerIdentification><CustomerRelations><Contracts><Contract><ContractTypeName>LifeInsurance</ContractTypeName><CustomerStartDate>2021-01-21</CustomerStartDate><CustomerEndDate>9999-12-31</CustomerEndDate><Amounts><Amount ValueDate="2021-12-31">0</Amount><Amount ValueDate="2022-12-31">0</Amount></Amounts></Contract></Contracts></CustomerRelations></Customer><Customer CustomerSequenceNumber="90773"><CustomerIdentification><NaturalPersonId><NaturalPersonDetailsId><FirstName>Bodhi</FirstName><LastName>Muller</LastName><BirthDay><BirthDate>2000-05-23</BirthDate></BirthDay><BirthPlace><BirthCity>00</BirthCity><BirthCountry>00</BirthCountry></BirthPlace></NaturalPersonDetailsId></NaturalPersonId></CustomerIdentification><CustomerRelations><Contracts><Contract><ContractTypeName>LifeInsurance</ContractTypeName><CustomerStartDate>2021-06-22</CustomerStartDate><CustomerEndDate>9999-12-31</CustomerEndDate><Amounts><Amount ValueDate="2021-12-31">0</Amount></Amounts></Contract></Contracts></CustomerRelations></Customer><Customer CustomerSequenceNumber="90774"><CustomerIdentification><NaturalPersonId><NaturalPersonDetailsId><FirstName>Kevin Annick</FirstName><LastName>Sissau</LastName><BirthDay><BirthDate>1994-02-10</BirthDate></BirthDay><BirthPlace><BirthCity>00</BirthCity><BirthCountry>00</BirthCountry></BirthPlace></NaturalPersonDetailsId></NaturalPersonId></CustomerIdentification><CustomerRelations><Contracts><Contract><ContractTypeName>LifeInsurance</ContractTypeName><CustomerStartDate>2021-06-22</CustomerStartDate><CustomerEndDate>9999-12-31</CustomerEndDate><Amounts><Amount ValueDate="2021-12-31">0</Amount></Amounts></Contract></Contracts></CustomerRelations></Customer><Customer CustomerSequenceNumber="90775"><CustomerIdentification><NaturalPersonId><NaturalPersonDetailsId><FirstName>Klaas</FirstName><LastName>Dijkstra</LastName><BirthDay><BirthDate>1968-10-17</BirthDate></BirthDay><BirthPlace><BirthCity>00</BirthCity><BirthCountry>00</BirthCountry></BirthPlace></NaturalPersonDetailsId></NaturalPersonId></CustomerIdentification><CustomerRelations><Contracts><Contract><ContractTypeName>LifeInsurance</ContractTypeName><CustomerStartDate>2021-04-14</CustomerStartDate><CustomerEndDate>9999-12-31</CustomerEndDate><Amounts><Amount ValueDate="2021-12-31">0</Amount></Amounts></Contract></Contracts></CustomerRelations></Customer><Customer CustomerSequenceNumber="90776"><CustomerIdentification><NaturalPersonId><NaturalPersonDetailsId><FirstName>Walid</FirstName><LastName>Roshanmal</LastName><BirthDay><BirthDate>1989-06-27</BirthDate></BirthDay><BirthPlace><BirthCity>00</BirthCity><BirthCountry>00</BirthCountry></BirthPlace></NaturalPersonDetailsId></NaturalPersonId></CustomerIdentification><CustomerRelations><Contracts><Contract><ContractTypeName>LifeInsurance</ContractTypeName><CustomerStartDate>2021-03-17</CustomerStartDate><CustomerEndDate>9999-12-31</CustomerEndDate><Amounts><Amount ValueDate="2021-12-31">0</Amount></Amounts></Contract></Contracts></CustomerRelations></Customer><Customer CustomerSequenceNumber="90777"><CustomerIdentification><NaturalPersonId><NaturalPersonDetailsId><FirstName>Mark</FirstName><LastName>Ofman</LastName><BirthDay><BirthDate>1972-04-03</BirthDate></BirthDay><BirthPlace><BirthCity>00</BirthCity><BirthCountry>00</BirthCountry></BirthPlace></NaturalPersonDetailsId></NaturalPersonId></CustomerIdentification><CustomerRelations><Contracts><Contract><ContractTypeName>LifeInsurance</ContractTypeName><CustomerStartDate>2021-02-08</CustomerStartDate><CustomerEndDate>9999-12-31</CustomerEndDate><Amounts><Amount ValueDate="2021-12-31">0</Amount><Amount ValueDate="2022-12-31">0</Amount></Amounts></Contract></Contracts></CustomerRelations></Customer><Customer CustomerSequenceNumber="90778"><CustomerIdentification><NaturalPersonId><NaturalPersonDetailsId><FirstName>Ioan</FirstName><LastName>Stan</LastName><BirthDay><BirthDate>1977-06-07</BirthDate></BirthDay><BirthPlace><BirthCity>00</BirthCity><BirthCountry>00</BirthCountry></BirthPlace></NaturalPersonDetailsId></NaturalPersonId></CustomerIdentification><CustomerRelations><Contracts><Contract><ContractTypeName>LifeInsurance</ContractTypeName><CustomerStartDate>2021-06-14</CustomerStartDate><CustomerEndDate>9999-12-31</CustomerEndDate><Amounts><Amount ValueDate="2021-12-31">0</Amount></Amounts></Contract></Contracts></CustomerRelations></Customer><Customer CustomerSequenceNumber="90779"><CustomerIdentification><NaturalPersonId><NaturalPersonDetailsId><FirstName>George</FirstName><LastName>Alejo</LastName><BirthDay><BirthDate>1964-01-13</BirthDate></BirthDay><BirthPlace><BirthCity>00</BirthCity><BirthCountry>00</BirthCountry></BirthPlace></NaturalPersonDetailsId></NaturalPersonId></CustomerIdentification><CustomerRelations><Contracts><Contract><ContractTypeName>LifeInsurance</ContractTypeName><CustomerStartDate>2021-06-10</CustomerStartDate><CustomerEndDate>9999-12-31</CustomerEndDate><Amounts><Amount ValueDate="2021-12-31">0</Amount></Amounts></Contract></Contracts></CustomerRelations></Customer><Customer CustomerSequenceNumber="90780"><CustomerIdentification><NaturalPersonId><NaturalPersonDetailsId><FirstName>Khalid</FirstName><LastName>BOULKHOUBZE</LastName><BirthDay><BirthDate>1988-11-25</BirthDate></BirthDay><BirthPlace><BirthCity>00</BirthCity><BirthCountry>00</BirthCountry></BirthPlace></NaturalPersonDetailsId></NaturalPersonId></CustomerIdentification><CustomerRelations><Contracts><Contract><ContractTypeName>LifeInsurance</ContractTypeName><CustomerStartDate>2021-10-08</CustomerStartDate><CustomerEndDate>9999-12-31</CustomerEndDate><Amounts><Amount ValueDate="2021-12-31">0</Amount></Amounts></Contract></Contracts></CustomerRelations></Customer><Customer CustomerSequenceNumber="90781"><CustomerIdentification><NaturalPersonId><NaturalPersonDetailsId><FirstName>Siegfried</FirstName><LastName>De Jong</LastName><BirthDay><BirthDate>1959-09-16</BirthDate></BirthDay><BirthPlace><BirthCity>00</BirthCity><BirthCountry>00</BirthCountry></BirthPlace></NaturalPersonDetailsId></NaturalPersonId></CustomerIdentification><CustomerRelations><Contracts><Contract><ContractTypeName>LifeInsurance</ContractTypeName><CustomerStartDate>2021-01-29</CustomerStartDate><CustomerEndDate>9999-12-31</CustomerEndDate><Amounts><Amount ValueDate="2021-12-31">0</Amount><Amount ValueDate="2022-12-31">0</Amount></Amounts></Contract></Contracts></CustomerRelations></Customer><Customer CustomerSequenceNumber="90782"><CustomerIdentification><NaturalPersonId><NaturalPersonDetailsId><FirstName>Seweryn</FirstName><LastName>Niedzielski</LastName><BirthDay><BirthDate>1974-10-07</BirthDate></BirthDay><BirthPlace><BirthCity>00</BirthCity><BirthCountry>00</BirthCountry></BirthPlace></NaturalPersonDetailsId></NaturalPersonId></CustomerIdentification><CustomerRelations><Contracts><Contract><ContractTypeName>LifeInsurance</ContractTypeName><CustomerStartDate>2020-10-27</CustomerStartDate><CustomerEndDate>9999-12-31</CustomerEndDate><Amounts><Amount ValueDate="2020-12-31">0</Amount><Amount ValueDate="2021-12-31">0</Amount><Amount ValueDate="2022-12-31">0</Amount></Amounts></Contract></Contracts></CustomerRelations></Customer><Customer CustomerSequenceNumber="90783"><CustomerIdentification><NaturalPersonId><NaturalPersonDetailsId><FirstName>Johannes</FirstName><LastName>Veerman</LastName><BirthDay><BirthDate>1971-03-29</BirthDate></BirthDay><BirthPlace><BirthCity>00</BirthCity><BirthCountry>00</BirthCountry></BirthPlace></NaturalPersonDetailsId></NaturalPersonId></CustomerIdentification><CustomerRelations><Contracts><Contract><ContractTypeName>LifeInsurance</ContractTypeName><CustomerStartDate>2021-03-09</CustomerStartDate><CustomerEndDate>9999-12-31</CustomerEndDate><Amounts><Amount ValueDate="2021-12-31">0</Amount></Amounts></Contract></Contracts></CustomerRelations></Customer><Customer CustomerSequenceNumber="90784"><CustomerIdentification><NaturalPersonId><NaturalPersonDetailsId><FirstName>Jalal</FirstName><LastName>Sadik</LastName><BirthDay><BirthDate>1994-11-27</BirthDate></BirthDay><BirthPlace><BirthCity>00</BirthCity><BirthCountry>00</BirthCountry></BirthPlace></NaturalPersonDetailsId></NaturalPersonId></CustomerIdentification><CustomerRelations><Contracts><Contract><ContractTypeName>LifeInsurance</ContractTypeName><CustomerStartDate>2021-01-15</CustomerStartDate><CustomerEndDate>9999-12-31</CustomerEndDate><Amounts><Amount ValueDate="2021-12-31">0</Amount><Amount ValueDate="2022-12-31">0</Amount></Amounts></Contract></Contracts></CustomerRelations></Customer><Customer CustomerSequenceNumber="90785"><CustomerIdentification><NaturalPersonId><NaturalPersonDetailsId><FirstName>Kaoutar</FirstName><LastName>Zourgarh</LastName><BirthDay><BirthDate>1996-11-18</BirthDate></BirthDay><BirthPlace><BirthCity>00</BirthCity><BirthCountry>00</BirthCountry></BirthPlace></NaturalPersonDetailsId></NaturalPersonId></CustomerIdentification><CustomerRelations><Contracts><Contract><ContractTypeName>LifeInsurance</ContractTypeName><CustomerStartDate>2021-01-15</CustomerStartDate><CustomerEndDate>9999-12-31</CustomerEndDate><Amounts><Amount ValueDate="2021-12-31">0</Amount><Amount ValueDate="2022-12-31">0</Amount></Amounts></Contract></Contracts></CustomerRelations></Customer><Customer CustomerSequenceNumber="90786"><CustomerIdentification><NaturalPersonId><NaturalPersonDetailsId><FirstName>Valentino</FirstName><LastName>Vruna</LastName><BirthDay><BirthDate>1988-07-12</BirthDate></BirthDay><BirthPlace><BirthCity>00</BirthCity><BirthCountry>00</BirthCountry></BirthPlace></NaturalPersonDetailsId></NaturalPersonId></CustomerIdentification><CustomerRelations><Contracts><Contract><ContractTypeName>LifeInsurance</ContractTypeName><CustomerStartDate>2021-11-09</CustomerStartDate><CustomerEndDate>9999-12-31</CustomerEndDate><Amounts><Amount ValueDate="2021-12-31">0</Amount></Amounts></Contract></Contracts></CustomerRelations></Customer><Customer CustomerSequenceNumber="90787"><CustomerIdentification><NaturalPersonId><NaturalPersonDetailsId><FirstName>Giovanni</FirstName><LastName>Palamara</LastName><BirthDay><BirthDate>1991-04-30</BirthDate></BirthDay><BirthPlace><BirthCity>00</BirthCity><BirthCountry>00</BirthCountry></BirthPlace></NaturalPersonDetailsId></NaturalPersonId></CustomerIdentification><CustomerRelations><Contracts><Contract><ContractTypeName>LifeInsurance</ContractTypeName><CustomerStartDate>2021-09-13</CustomerStartDate><CustomerEndDate>9999-12-31</CustomerEndDate><Amounts><Amount ValueDate="2021-12-31">0</Amount></Amounts></Contract></Contracts></CustomerRelations></Customer><Customer CustomerSequenceNumber="90788"><CustomerIdentification><NaturalPersonId><RRNIdentification>59081444443</RRNIdentification></NaturalPersonId></CustomerIdentification><CustomerRelations><Contracts><Contract><ContractTypeName>LifeInsurance</ContractTypeName><CustomerStartDate>2021-06-03</CustomerStartDate><CustomerEndDate>9999-12-31</CustomerEndDate><Amounts><Amount ValueDate="2021-12-31">0</Amount></Amounts></Contract></Contracts></CustomerRelations></Customer><Customer CustomerSequenceNumber="90789"><CustomerIdentification><NaturalPersonId><NaturalPersonDetailsId><FirstName>Mohamed</FirstName><LastName>Chaoui</LastName><BirthDay><BirthDate>1979-11-02</BirthDate></BirthDay><BirthPlace><BirthCity>00</BirthCity><BirthCountry>00</BirthCountry></BirthPlace></NaturalPersonDetailsId></NaturalPersonId></CustomerIdentification><CustomerRelations><Contracts><Contract><ContractTypeName>LifeInsurance</ContractTypeName><CustomerStartDate>2021-09-13</CustomerStartDate><CustomerEndDate>9999-12-31</CustomerEndDate><Amounts><Amount ValueDate="2021-12-31">0</Amount></Amounts></Contract></Contracts></CustomerRelations></Customer><Customer CustomerSequenceNumber="90790"><CustomerIdentification><NaturalPersonId><RRNIdentification>85061354321</RRNIdentification></NaturalPersonId></CustomerIdentification><CustomerRelations><Contracts><Contract><ContractTypeName>LifeInsurance</ContractTypeName><CustomerStartDate>2021-03-25</CustomerStartDate><CustomerEndDate>9999-12-31</CustomerEndDate><Amounts><Amount ValueDate="2021-12-31">0</Amount></Amounts></Contract></Contracts></CustomerRelations></Customer><Customer CustomerSequenceNumber="90791"><CustomerIdentification><NaturalPersonId><NaturalPersonDetailsId><FirstName>Leonardus</FirstName><LastName>Steffani</LastName><BirthDay><BirthDate>1963-09-14</BirthDate></BirthDay><BirthPlace><BirthCity>00</BirthCity><BirthCountry>00</BirthCountry></BirthPlace></NaturalPersonDetailsId></NaturalPersonId></CustomerIdentification><CustomerRelations><Contracts><Contract><ContractTypeName>LifeInsurance</ContractTypeName><CustomerStartDate>2020-12-28</CustomerStartDate><CustomerEndDate>9999-12-31</CustomerEndDate><Amounts><Amount ValueDate="2020-12-31">0</Amount><Amount ValueDate="2021-12-31">0</Amount></Amounts></Contract></Contracts></CustomerRelations></Customer><Customer CustomerSequenceNumber="90792"><CustomerIdentification><NaturalPersonId><NaturalPersonDetailsId><FirstName>Andre</FirstName><LastName>BURCKEL</LastName><BirthDay><BirthDate>1944-08-22</BirthDate></BirthDay><BirthPlace><BirthCity>00</BirthCity><BirthCountry>00</BirthCountry></BirthPlace></NaturalPersonDetailsId></NaturalPersonId></CustomerIdentification><CustomerRelations><Contracts><Contract><ContractTypeName>LifeInsurance</ContractTypeName><CustomerStartDate>2020-10-26</CustomerStartDate><CustomerEndDate>9999-12-31</CustomerEndDate><Amounts><Amount ValueDate="2020-12-31">0</Amount><Amount ValueDate="2021-12-31">0</Amount><Amount ValueDate="2022-12-31">0</Amount></Amounts></Contract></Contracts></CustomerRelations></Customer><Customer CustomerSequenceNumber="90793"><CustomerIdentification><NaturalPersonId><NaturalPersonDetailsId><FirstName>Mandy</FirstName><LastName>PROCE</LastName><BirthDay><BirthDate>1992-02-18</BirthDate></BirthDay><BirthPlace><BirthCity>00</BirthCity><BirthCountry>00</BirthCountry></BirthPlace></NaturalPersonDetailsId></NaturalPersonId></CustomerIdentification><CustomerRelations><Contracts><Contract><ContractTypeName>LifeInsurance</ContractTypeName><CustomerStartDate>2020-12-14</CustomerStartDate><CustomerEndDate>9999-12-31</CustomerEndDate><Amounts><Amount ValueDate="2020-12-31">0</Amount><Amount ValueDate="2021-12-31">0</Amount><Amount ValueDate="2022-12-31">0</Amount></Amounts></Contract></Contracts></CustomerRelations></Customer><Customer CustomerSequenceNumber="90794"><CustomerIdentification><NaturalPersonId><NaturalPersonDetailsId><FirstName>Rowen</FirstName><LastName>Courtar</LastName><BirthDay><BirthDate>1993-09-22</BirthDate></BirthDay><BirthPlace><BirthCity>00</BirthCity><BirthCountry>00</BirthCountry></BirthPlace></NaturalPersonDetailsId></NaturalPersonId></CustomerIdentification><CustomerRelations><Contracts><Contract><ContractTypeName>LifeInsurance</ContractTypeName><CustomerStartDate>2021-01-11</CustomerStartDate><CustomerEndDate>9999-12-31</CustomerEndDate><Amounts><Amount ValueDate="2021-12-31">0</Amount><Amount ValueDate="2022-12-31">0</Amount></Amounts></Contract></Contracts></CustomerRelations></Customer><Customer CustomerSequenceNumber="90795"><CustomerIdentification><NaturalPersonId><NaturalPersonDetailsId><FirstName>Melinda</FirstName><LastName>Farcas</LastName><BirthDay><BirthDate>1994-01-01</BirthDate></BirthDay><BirthPlace><BirthCity>00</BirthCity><BirthCountry>00</BirthCountry></BirthPlace></NaturalPersonDetailsId></NaturalPersonId></CustomerIdentification><CustomerRelations><Contracts><Contract><ContractTypeName>LifeInsurance</ContractTypeName><CustomerStartDate>2021-04-02</CustomerStartDate><CustomerEndDate>9999-12-31</CustomerEndDate><Amounts><Amount ValueDate="2021-12-31">0</Amount></Amounts></Contract></Contracts></CustomerRelations></Customer><Customer CustomerSequenceNumber="90796"><CustomerIdentification><NaturalPersonId><NaturalPersonDetailsId><FirstName>Urban</FirstName><LastName>Denk</LastName><BirthDay><BirthDate>1957-07-24</BirthDate></BirthDay><BirthPlace><BirthCity>00</BirthCity><BirthCountry>DE</BirthCountry></BirthPlace></NaturalPersonDetailsId></NaturalPersonId></CustomerIdentification><CustomerRelations><Contracts><Contract><ContractTypeName>LifeInsurance</ContractTypeName><CustomerStartDate>2022-02-15</CustomerStartDate><CustomerEndDate>9999-12-31</CustomerEndDate></Contract></Contracts></CustomerRelations></Customer><Customer CustomerSequenceNumber="90797"><CustomerIdentification><NaturalPersonId><NaturalPersonDetailsId><FirstName>Rolof Jouleiman</FirstName><LastName>PEDRO</LastName><BirthDay><BirthDate>1989-11-13</BirthDate></BirthDay><BirthPlace><BirthCity>00</BirthCity><BirthCountry>00</BirthCountry></BirthPlace></NaturalPersonDetailsId></NaturalPersonId></CustomerIdentification><CustomerRelations><Contracts><Contract><ContractTypeName>LifeInsurance</ContractTypeName><CustomerStartDate>2021-02-18</CustomerStartDate><CustomerEndDate>9999-12-31</CustomerEndDate><Amounts><Amount ValueDate="2021-12-31">0</Amount></Amounts></Contract></Contracts></CustomerRelations></Customer><Customer CustomerSequenceNumber="90798"><CustomerIdentification><NaturalPersonId><NaturalPersonDetailsId><FirstName>Marius</FirstName><LastName>KWAYEP</LastName><BirthDay><BirthDate>1982-07-04</BirthDate></BirthDay><BirthPlace><BirthCity>00</BirthCity><BirthCountry>00</BirthCountry></BirthPlace></NaturalPersonDetailsId></NaturalPersonId></CustomerIdentification><CustomerRelations><Contracts><Contract><ContractTypeName>LifeInsurance</ContractTypeName><CustomerStartDate>2020-10-20</CustomerStartDate><CustomerEndDate>9999-12-31</CustomerEndDate><Amounts><Amount ValueDate="2020-12-31">0</Amount><Amount ValueDate="2021-12-31">0</Amount><Amount ValueDate="2022-12-31">0</Amount></Amounts></Contract></Contracts></CustomerRelations></Customer><Customer CustomerSequenceNumber="90799"><CustomerIdentification><NaturalPersonId><NaturalPersonDetailsId><FirstName>Marius</FirstName><LastName>Farcas</LastName><BirthDay><BirthDate>1996-04-23</BirthDate></BirthDay><BirthPlace><BirthCity>00</BirthCity><BirthCountry>00</BirthCountry></BirthPlace></NaturalPersonDetailsId></NaturalPersonId></CustomerIdentification><CustomerRelations><Contracts><Contract><ContractTypeName>LifeInsurance</ContractTypeName><CustomerStartDate>2021-09-09</CustomerStartDate><CustomerEndDate>9999-12-31</CustomerEndDate><Amounts><Amount ValueDate="2021-12-31">0</Amount></Amounts></Contract></Contracts></CustomerRelations></Customer><Customer CustomerSequenceNumber="90800"><CustomerIdentification><NaturalPersonId><NaturalPersonDetailsId><FirstName>Johanna Maria W</FirstName><LastName>Adriaansen</LastName><BirthDay><BirthDate>1966-07-25</BirthDate></BirthDay><BirthPlace><BirthCity>00</BirthCity><BirthCountry>00</BirthCountry></BirthPlace></NaturalPersonDetailsId></NaturalPersonId></CustomerIdentification><CustomerRelations><Contracts><Contract><ContractTypeName>LifeInsurance</ContractTypeName><CustomerStartDate>2021-06-10</CustomerStartDate><CustomerEndDate>9999-12-31</CustomerEndDate><Amounts><Amount ValueDate="2021-12-31">0</Amount></Amounts></Contract></Contracts></CustomerRelations></Customer></Extract>
