<Customer CustomerSequenceNumber="90727"><CustomerIdentification><NaturalPersonId><NaturalPersonDetailsId><FirstName>Sofian</FirstName><LastName>Tennah</LastName><BirthDay><BirthDate>1977-02-14</BirthDate></BirthDay><BirthPlace><BirthCity>00</BirthCity><BirthCountry>00</BirthCountry></BirthPlace></NaturalPersonDetailsId></NaturalPersonId></CustomerIdentification><CustomerRelations><Contracts><Contract><ContractTypeName>LifeInsurance</ContractTypeName><CustomerStartDate>2021-03-16</CustomerStartDate><CustomerEndDate>9999-12-31</CustomerEndDate><Amounts><Amount ValueDate="2021-12-31">0</Amount></Amounts></Contract></Contracts></CustomerRelations></Customer><Customer CustomerSequenceNumber="90728"><CustomerIdentification><NaturalPersonId><RRNIdentification>89080266338</RRNIdentification></NaturalPersonId></CustomerIdentification><CustomerRelations><Contracts><Contract><ContractTypeName>LifeInsurance</ContractTypeName><CustomerStartDate>2021-06-25</CustomerStartDate><CustomerEndDate>9999-12-31</CustomerEndDate><Amounts><Amount ValueDate="2021-12-31">0</Amount></Amounts></Contract></Contracts></CustomerRelations></Customer><Customer CustomerSequenceNumber="90729"><CustomerIdentification><NaturalPersonId><NaturalPersonDetailsId><FirstName>Martin</FirstName><LastName>Haanstra</LastName><BirthDay><BirthDate>1966-11-10</BirthDate></BirthDay><BirthPlace><BirthCity>00</BirthCity><BirthCountry>00</BirthCountry></BirthPlace></NaturalPersonDetailsId></NaturalPersonId></CustomerIdentification><CustomerRelations><Contracts><Contract><ContractTypeName>LifeInsurance</ContractTypeName><CustomerStartDate>2021-06-08</CustomerStartDate><CustomerEndDate>9999-12-31</CustomerEndDate><Amounts><Amount ValueDate="2021-12-31">0</Amount></Amounts></Contract></Contracts></CustomerRelations></Customer><Customer CustomerSequenceNumber="90730"><CustomerIdentification><NaturalPersonId><RRNIdentification>92080944314</RRNIdentification></NaturalPersonId></CustomerIdentification><CustomerRelations><Contracts><Contract><ContractTypeName>LifeInsurance</ContractTypeName><CustomerStartDate>2020-12-16</CustomerStartDate><CustomerEndDate>9999-12-31</CustomerEndDate><Amounts><Amount ValueDate="2020-12-31">0</Amount><Amount ValueDate="2021-12-31">0</Amount><Amount ValueDate="2022-12-31">0</Amount></Amounts></Contract></Contracts></CustomerRelations></Customer><Customer CustomerSequenceNumber="90731"><CustomerIdentification><NaturalPersonId><NaturalPersonDetailsId><FirstName>Mambet</FirstName><LastName>Cisse</LastName><BirthDay><BirthDate>1982-12-24</BirthDate></BirthDay><BirthPlace><BirthCity>00</BirthCity><BirthCountry>00</BirthCountry></BirthPlace></NaturalPersonDetailsId></NaturalPersonId></CustomerIdentification><CustomerRelations><Contracts><Contract><ContractTypeName>LifeInsurance</ContractTypeName><CustomerStartDate>2020-11-09</CustomerStartDate><CustomerEndDate>9999-12-31</CustomerEndDate><Amounts><Amount ValueDate="2020-12-31">0</Amount><Amount ValueDate="2021-12-31">0</Amount><Amount ValueDate="2022-12-31">0</Amount></Amounts></Contract></Contracts></CustomerRelations></Customer><Customer CustomerSequenceNumber="90732"><CustomerIdentification><NaturalPersonId><NaturalPersonDetailsId><FirstName>Josephina Maria</FirstName><LastName>Coppens</LastName><BirthDay><BirthDate>1938-11-17</BirthDate></BirthDay><BirthPlace><BirthCity>00</BirthCity><BirthCountry>00</BirthCountry></BirthPlace></NaturalPersonDetailsId></NaturalPersonId></CustomerIdentification><CustomerRelations><Contracts><Contract><ContractTypeName>LifeInsurance</ContractTypeName><CustomerStartDate>2021-04-13</CustomerStartDate><CustomerEndDate>9999-12-31</CustomerEndDate><Amounts><Amount ValueDate="2021-12-31">0</Amount></Amounts></Contract></Contracts></CustomerRelations></Customer><Customer CustomerSequenceNumber="90733"><CustomerIdentification><NaturalPersonId><NaturalPersonDetailsId><FirstName>Adamczyk</FirstName><LastName>ireneusz</LastName><BirthDay><BirthDate>1978-12-28</BirthDate></BirthDay><BirthPlace><BirthCity>00</BirthCity><BirthCountry>00</BirthCountry></BirthPlace></NaturalPersonDetailsId></NaturalPersonId></CustomerIdentification><CustomerRelations><Contracts><Contract><ContractTypeName>LifeInsurance</ContractTypeName><CustomerStartDate>2021-07-01</CustomerStartDate><CustomerEndDate>9999-12-31</CustomerEndDate><Amounts><Amount ValueDate="2021-12-31">0</Amount></Amounts></Contract></Contracts></CustomerRelations></Customer><Customer CustomerSequenceNumber="90734"><CustomerIdentification><NaturalPersonId><NaturalPersonDetailsId><FirstName>Magdalena</FirstName><LastName>ROMANOWSKA</LastName><BirthDay><BirthDate>1993-07-24</BirthDate></BirthDay><BirthPlace><BirthCity>00</BirthCity><BirthCountry>00</BirthCountry></BirthPlace></NaturalPersonDetailsId></NaturalPersonId></CustomerIdentification><CustomerRelations><Contracts><Contract><ContractTypeName>LifeInsurance</ContractTypeName><CustomerStartDate>2021-07-07</CustomerStartDate><CustomerEndDate>9999-12-31</CustomerEndDate><Amounts><Amount ValueDate="2021-12-31">0</Amount></Amounts></Contract></Contracts></CustomerRelations></Customer><Customer CustomerSequenceNumber="90735"><CustomerIdentification><NaturalPersonId><NaturalPersonDetailsId><FirstName>Afzal</FirstName><LastName>Doestzada</LastName><BirthDay><BirthDate>1988-02-03</BirthDate></BirthDay><BirthPlace><BirthCity>00</BirthCity><BirthCountry>00</BirthCountry></BirthPlace></NaturalPersonDetailsId></NaturalPersonId></CustomerIdentification><CustomerRelations><Contracts><Contract><ContractTypeName>LifeInsurance</ContractTypeName><CustomerStartDate>2021-01-21</CustomerStartDate><CustomerEndDate>9999-12-31</CustomerEndDate><Amounts><Amount ValueDate="2021-12-31">0</Amount><Amount ValueDate="2022-12-31">0</Amount></Amounts></Contract></Contracts></CustomerRelations></Customer><Customer CustomerSequenceNumber="90736"><CustomerIdentification><NaturalPersonId><NaturalPersonDetailsId><FirstName>Palit</FirstName><LastName>Ahmet</LastName><BirthDay><BirthDate>1971-04-13</BirthDate></BirthDay><BirthPlace><BirthCity>00</BirthCity><BirthCountry>00</BirthCountry></BirthPlace></NaturalPersonDetailsId></NaturalPersonId></CustomerIdentification><CustomerRelations><Contracts><Contract><ContractTypeName>LifeInsurance</ContractTypeName><CustomerStartDate>2020-10-12</CustomerStartDate><CustomerEndDate>9999-12-31</CustomerEndDate><Amounts><Amount ValueDate="2020-12-31">0</Amount><Amount ValueDate="2021-12-31">0</Amount><Amount ValueDate="2022-12-31">0</Amount></Amounts></Contract></Contracts></CustomerRelations></Customer><Customer CustomerSequenceNumber="90737"><CustomerIdentification><NaturalPersonId><NaturalPersonDetailsId><FirstName>Michael</FirstName><LastName>Fagoe</LastName><BirthDay><BirthDate>1993-10-12</BirthDate></BirthDay><BirthPlace><BirthCity>00</BirthCity><BirthCountry>00</BirthCountry></BirthPlace></NaturalPersonDetailsId></NaturalPersonId></CustomerIdentification><CustomerRelations><Contracts><Contract><ContractTypeName>LifeInsurance</ContractTypeName><CustomerStartDate>2021-05-18</CustomerStartDate><CustomerEndDate>9999-12-31</CustomerEndDate><Amounts><Amount ValueDate="2021-12-31">0</Amount></Amounts></Contract></Contracts></CustomerRelations></Customer><Customer CustomerSequenceNumber="90738"><CustomerIdentification><NaturalPersonId><NaturalPersonDetailsId><FirstName>Susanna</FirstName><LastName>Wijenbergh</LastName><BirthDay><BirthDate>1975-12-06</BirthDate></BirthDay><BirthPlace><BirthCity>00</BirthCity><BirthCountry>00</BirthCountry></BirthPlace></NaturalPersonDetailsId></NaturalPersonId></CustomerIdentification><CustomerRelations><Contracts><Contract><ContractTypeName>LifeInsurance</ContractTypeName><CustomerStartDate>2021-04-20</CustomerStartDate><CustomerEndDate>9999-12-31</CustomerEndDate><Amounts><Amount ValueDate="2021-12-31">0</Amount></Amounts></Contract></Contracts></CustomerRelations></Customer><Customer CustomerSequenceNumber="90739"><CustomerIdentification><NaturalPersonId><NaturalPersonDetailsId><FirstName>Yusnie</FirstName><LastName>ILIYANOVA</LastName><BirthDay><BirthDate>1987-07-04</BirthDate></BirthDay><BirthPlace><BirthCity>00</BirthCity><BirthCountry>00</BirthCountry></BirthPlace></NaturalPersonDetailsId></NaturalPersonId></CustomerIdentification><CustomerRelations><Contracts><Contract><ContractTypeName>LifeInsurance</ContractTypeName><CustomerStartDate>2021-03-16</CustomerStartDate><CustomerEndDate>9999-12-31</CustomerEndDate><Amounts><Amount ValueDate="2021-12-31">0</Amount></Amounts></Contract></Contracts></CustomerRelations></Customer><Customer CustomerSequenceNumber="90740"><CustomerIdentification><NaturalPersonId><NaturalPersonDetailsId><FirstName>Dione</FirstName><LastName>vAN DOORN</LastName><BirthDay><BirthDate>1998-02-09</BirthDate></BirthDay><BirthPlace><BirthCity>00</BirthCity><BirthCountry>00</BirthCountry></BirthPlace></NaturalPersonDetailsId></NaturalPersonId></CustomerIdentification><CustomerRelations><Contracts><Contract><ContractTypeName>LifeInsurance</ContractTypeName><CustomerStartDate>2021-01-12</CustomerStartDate><CustomerEndDate>9999-12-31</CustomerEndDate><Amounts><Amount ValueDate="2021-12-31">0</Amount><Amount ValueDate="2022-12-31">0</Amount></Amounts></Contract></Contracts></CustomerRelations></Customer><Customer CustomerSequenceNumber="90741"><CustomerIdentification><NaturalPersonId><RRNIdentification>15053003724</RRNIdentification></NaturalPersonId></CustomerIdentification><CustomerRelations><Contracts><Contract><ContractTypeName>LifeInsurance</ContractTypeName><CustomerStartDate>2023-03-21</CustomerStartDate><CustomerEndDate>9999-12-31</CustomerEndDate></Contract></Contracts></CustomerRelations></Customer><Customer CustomerSequenceNumber="90742"><CustomerIdentification><NaturalPersonId><NaturalPersonDetailsId><FirstName>NoÃ«</FirstName><LastName>Salva</LastName><BirthDay><BirthDate>1974-04-03</BirthDate></BirthDay><BirthPlace><BirthCity>00</BirthCity><BirthCountry>00</BirthCountry></BirthPlace></NaturalPersonDetailsId></NaturalPersonId></CustomerIdentification><CustomerRelations><Contracts><Contract><ContractTypeName>MortgageLoan</ContractTypeName><CustomerStartDate>2014-01-01</CustomerStartDate><CustomerEndDate>2019-12-31</CustomerEndDate></Contract></Contracts></CustomerRelations></Customer><Customer CustomerSequenceNumber="90743"><CustomerIdentification><NaturalPersonId><NaturalPersonDetailsId><FirstName>Elisabeth</FirstName><LastName>Strick</LastName><BirthDay><BirthDate>1945-07-28</BirthDate></BirthDay><BirthPlace><BirthCity>00</BirthCity><BirthCountry>00</BirthCountry></BirthPlace></NaturalPersonDetailsId></NaturalPersonId></CustomerIdentification><CustomerRelations><Contracts><Contract><ContractTypeName>LifeInsurance</ContractTypeName><CustomerStartDate>2021-01-15</CustomerStartDate><CustomerEndDate>9999-12-31</CustomerEndDate><Amounts><Amount ValueDate="2021-12-31">0</Amount><Amount ValueDate="2022-12-31">0</Amount></Amounts></Contract></Contracts></CustomerRelations></Customer><Customer CustomerSequenceNumber="90744"><CustomerIdentification><NaturalPersonId><NaturalPersonDetailsId><FirstName>Ali Ihsan</FirstName><LastName>Kekec</LastName><BirthDay><BirthDate>1964-04-05</BirthDate></BirthDay><BirthPlace><BirthCity>00</BirthCity><BirthCountry>00</BirthCountry></BirthPlace></NaturalPersonDetailsId></NaturalPersonId></CustomerIdentification><CustomerRelations><Contracts><Contract><ContractTypeName>LifeInsurance</ContractTypeName><CustomerStartDate>2021-05-31</CustomerStartDate><CustomerEndDate>9999-12-31</CustomerEndDate><Amounts><Amount ValueDate="2021-12-31">0</Amount></Amounts></Contract></Contracts></CustomerRelations></Customer><Customer CustomerSequenceNumber="90745"><CustomerIdentification><NaturalPersonId><NaturalPersonDetailsId><FirstName>Michalis</FirstName><LastName>Velentakis</LastName><BirthDay><BirthDate>1989-03-22</BirthDate></BirthDay><BirthPlace><BirthCity>00</BirthCity><BirthCountry>00</BirthCountry></BirthPlace></NaturalPersonDetailsId></NaturalPersonId></CustomerIdentification><CustomerRelations><Contracts><Contract><ContractTypeName>LifeInsurance</ContractTypeName><CustomerStartDate>2021-02-26</CustomerStartDate><CustomerEndDate>9999-12-31</CustomerEndDate><Amounts><Amount ValueDate="2021-12-31">0</Amount></Amounts></Contract></Contracts></CustomerRelations></Customer><Customer CustomerSequenceNumber="90746"><CustomerIdentification><NaturalPersonId><NaturalPersonDetailsId><FirstName>Pieter</FirstName><LastName>Louwe</LastName><BirthDay><BirthDate>1989-03-17</BirthDate></BirthDay><BirthPlace><BirthCity>00</BirthCity><BirthCountry>00</BirthCountry></BirthPlace></NaturalPersonDetailsId></NaturalPersonId></CustomerIdentification><CustomerRelations><Contracts><Contract><ContractTypeName>LifeInsurance</ContractTypeName><CustomerStartDate>2021-03-10</CustomerStartDate><CustomerEndDate>9999-12-31</CustomerEndDate><Amounts><Amount ValueDate="2021-12-31">0</Amount></Amounts></Contract></Contracts></CustomerRelations></Customer><Customer CustomerSequenceNumber="90747"><CustomerIdentification><NaturalPersonId><NaturalPersonDetailsId><FirstName>Mariennet</FirstName><LastName>Baarslag</LastName><BirthDay><BirthDate>1944-04-26</BirthDate></BirthDay><BirthPlace><BirthCity>00</BirthCity><BirthCountry>00</BirthCountry></BirthPlace></NaturalPersonDetailsId></NaturalPersonId></CustomerIdentification><CustomerRelations><Contracts><Contract><ContractTypeName>LifeInsurance</ContractTypeName><CustomerStartDate>2020-12-30</CustomerStartDate><CustomerEndDate>9999-12-31</CustomerEndDate><Amounts><Amount ValueDate="2020-12-31">0</Amount><Amount ValueDate="2021-12-31">0</Amount></Amounts></Contract></Contracts></CustomerRelations></Customer><Customer CustomerSequenceNumber="90748"><CustomerIdentification><NaturalPersonId><NaturalPersonDetailsId><FirstName>Zsa Zsa M</FirstName><LastName>Szatmari Szabo</LastName><BirthDay><BirthDate>1991-06-19</BirthDate></BirthDay><BirthPlace><BirthCity>00</BirthCity><BirthCountry>00</BirthCountry></BirthPlace></NaturalPersonDetailsId></NaturalPersonId></CustomerIdentification><CustomerRelations><Contracts><Contract><ContractTypeName>LifeInsurance</ContractTypeName><CustomerStartDate>2021-05-27</CustomerStartDate><CustomerEndDate>9999-12-31</CustomerEndDate><Amounts><Amount ValueDate="2021-12-31">0</Amount></Amounts></Contract></Contracts></CustomerRelations></Customer><Customer CustomerSequenceNumber="90749"><CustomerIdentification><NaturalPersonId><RRNIdentification>02081429096</RRNIdentification></NaturalPersonId></CustomerIdentification><CustomerRelations><Contracts><Contract><ContractTypeName>LifeInsurance</ContractTypeName><CustomerStartDate>2021-10-07</CustomerStartDate><CustomerEndDate>9999-12-31</CustomerEndDate><Amounts><Amount ValueDate="2021-12-31">0</Amount></Amounts></Contract></Contracts></CustomerRelations></Customer><Customer CustomerSequenceNumber="90750"><CustomerIdentification><NaturalPersonId><NaturalPersonDetailsId><FirstName>Willem Jan</FirstName><LastName>Hengeveld</LastName><BirthDay><BirthDate>1946-08-12</BirthDate></BirthDay><BirthPlace><BirthCity>00</BirthCity><BirthCountry>00</BirthCountry></BirthPlace></NaturalPersonDetailsId></NaturalPersonId></CustomerIdentification><CustomerRelations><Contracts><Contract><ContractTypeName>LifeInsurance</ContractTypeName><CustomerStartDate>2021-04-01</CustomerStartDate><CustomerEndDate>9999-12-31</CustomerEndDate><Amounts><Amount ValueDate="2021-12-31">0</Amount></Amounts></Contract></Contracts></CustomerRelations></Customer><Customer CustomerSequenceNumber="90751"><CustomerIdentification><NaturalPersonId><NaturalPersonDetailsId><FirstName>Aziz</FirstName><LastName>Michmich</LastName><BirthDay><BirthDate>1969-01-21</BirthDate></BirthDay><BirthPlace><BirthCity>00</BirthCity><BirthCountry>00</BirthCountry></BirthPlace></NaturalPersonDetailsId></NaturalPersonId></CustomerIdentification><CustomerRelations><Contracts><Contract><ContractTypeName>LifeInsurance</ContractTypeName><CustomerStartDate>2021-06-17</CustomerStartDate><CustomerEndDate>9999-12-31</CustomerEndDate><Amounts><Amount ValueDate="2021-12-31">0</Amount></Amounts></Contract></Contracts></CustomerRelations></Customer><Customer CustomerSequenceNumber="90752"><CustomerIdentification><NaturalPersonId><RRNIdentification>93091844165</RRNIdentification></NaturalPersonId></CustomerIdentification><CustomerRelations><Contracts><Contract><ContractTypeName>LifeInsurance</ContractTypeName><CustomerStartDate>2021-06-22</CustomerStartDate><CustomerEndDate>9999-12-31</CustomerEndDate><Amounts><Amount ValueDate="2021-12-31">0</Amount></Amounts></Contract></Contracts></CustomerRelations></Customer><Customer CustomerSequenceNumber="90753"><CustomerIdentification><NaturalPersonId><NaturalPersonDetailsId><FirstName>WAHIDULLAH</FirstName><LastName>Momand</LastName><BirthDay><BirthDate>1999-11-30</BirthDate></BirthDay><BirthPlace><BirthCity>00</BirthCity><BirthCountry>00</BirthCountry></BirthPlace></NaturalPersonDetailsId></NaturalPersonId></CustomerIdentification><CustomerRelations><Contracts><Contract><ContractTypeName>LifeInsurance</ContractTypeName><CustomerStartDate>2021-01-11</CustomerStartDate><CustomerEndDate>9999-12-31</CustomerEndDate><Amounts><Amount ValueDate="2021-12-31">0</Amount><Amount ValueDate="2022-12-31">0</Amount></Amounts></Contract></Contracts></CustomerRelations></Customer><Customer CustomerSequenceNumber="90754"><CustomerIdentification><NaturalPersonId><NaturalPersonDetailsId><FirstName>Maciej</FirstName><LastName>Sachajko</LastName><BirthDay><BirthDate>1994-04-23</BirthDate></BirthDay><BirthPlace><BirthCity>00</BirthCity><BirthCountry>00</BirthCountry></BirthPlace></NaturalPersonDetailsId></NaturalPersonId></CustomerIdentification><CustomerRelations><Contracts><Contract><ContractTypeName>LifeInsurance</ContractTypeName><CustomerStartDate>2021-07-01</CustomerStartDate><CustomerEndDate>9999-12-31</CustomerEndDate><Amounts><Amount ValueDate="2021-12-31">0</Amount></Amounts></Contract></Contracts></CustomerRelations></Customer><Customer CustomerSequenceNumber="90755"><CustomerIdentification><NaturalPersonId><NaturalPersonDetailsId><FirstName>Kwanzabi Gisela</FirstName><LastName>BELO WA NGOMBO</LastName><BirthDay><BirthDate>1993-07-13</BirthDate></BirthDay><BirthPlace><BirthCity>00</BirthCity><BirthCountry>00</BirthCountry></BirthPlace></NaturalPersonDetailsId></NaturalPersonId></CustomerIdentification><CustomerRelations><Contracts><Contract><ContractTypeName>LifeInsurance</ContractTypeName><CustomerStartDate>2021-02-18</CustomerStartDate><CustomerEndDate>9999-12-31</CustomerEndDate><Amounts><Amount ValueDate="2021-12-31">0</Amount></Amounts></Contract></Contracts></CustomerRelations></Customer><Customer CustomerSequenceNumber="90756"><CustomerIdentification><NaturalPersonId><NaturalPersonDetailsId><FirstName>Monique Petronella</FirstName><LastName>van Marrewijk</LastName><BirthDay><BirthDate>1972-11-13</BirthDate></BirthDay><BirthPlace><BirthCity>00</BirthCity><BirthCountry>00</BirthCountry></BirthPlace></NaturalPersonDetailsId></NaturalPersonId></CustomerIdentification><CustomerRelations><Contracts><Contract><ContractTypeName>LifeInsurance</ContractTypeName><CustomerStartDate>2021-03-17</CustomerStartDate><CustomerEndDate>9999-12-31</CustomerEndDate><Amounts><Amount ValueDate="2021-12-31">0</Amount></Amounts></Contract></Contracts></CustomerRelations></Customer><Customer CustomerSequenceNumber="90757"><CustomerIdentification><NaturalPersonId><NaturalPersonDetailsId><FirstName>Heidi Cornelia Martinus</FirstName><LastName>Wouters</LastName><BirthDay><BirthDate>1972-05-13</BirthDate></BirthDay><BirthPlace><BirthCity>00</BirthCity><BirthCountry>00</BirthCountry></BirthPlace></NaturalPersonDetailsId></NaturalPersonId></CustomerIdentification><CustomerRelations><Contracts><Contract><ContractTypeName>LifeInsurance</ContractTypeName><CustomerStartDate>2021-04-30</CustomerStartDate><CustomerEndDate>9999-12-31</CustomerEndDate><Amounts><Amount ValueDate="2021-12-31">0</Amount></Amounts></Contract></Contracts></CustomerRelations></Customer><Customer CustomerSequenceNumber="90758"><CustomerIdentification><NaturalPersonId><NaturalPersonDetailsId><FirstName>Tom</FirstName><LastName>BAKKER</LastName><BirthDay><BirthDate>1971-07-15</BirthDate></BirthDay><BirthPlace><BirthCity>00</BirthCity><BirthCountry>00</BirthCountry></BirthPlace></NaturalPersonDetailsId></NaturalPersonId></CustomerIdentification><CustomerRelations><Contracts><Contract><ContractTypeName>LifeInsurance</ContractTypeName><CustomerStartDate>2020-12-01</CustomerStartDate><CustomerEndDate>9999-12-31</CustomerEndDate><Amounts><Amount ValueDate="2020-12-31">0</Amount><Amount ValueDate="2021-12-31">0</Amount><Amount ValueDate="2022-12-31">0</Amount></Amounts></Contract></Contracts></CustomerRelations></Customer><Customer CustomerSequenceNumber="90759"><CustomerIdentification><NaturalPersonId><NaturalPersonDetailsId><FirstName>Johanna</FirstName><LastName>Koelink</LastName><BirthDay><BirthDate>1952-10-18</BirthDate></BirthDay><BirthPlace><BirthCity>00</BirthCity><BirthCountry>00</BirthCountry></BirthPlace></NaturalPersonDetailsId></NaturalPersonId></CustomerIdentification><CustomerRelations><Contracts><Contract><ContractTypeName>LifeInsurance</ContractTypeName><CustomerStartDate>2020-11-04</CustomerStartDate><CustomerEndDate>9999-12-31</CustomerEndDate><Amounts><Amount ValueDate="2020-12-31">0</Amount><Amount ValueDate="2021-12-31">0</Amount><Amount ValueDate="2022-12-31">0</Amount></Amounts></Contract></Contracts></CustomerRelations></Customer><Customer CustomerSequenceNumber="90760"><CustomerIdentification><NaturalPersonId><NaturalPersonDetailsId><FirstName>Somjit</FirstName><LastName>Kruakaewkaew</LastName><BirthDay><BirthDate>1980-04-08</BirthDate></BirthDay><BirthPlace><BirthCity>00</BirthCity><BirthCountry>00</BirthCountry></BirthPlace></NaturalPersonDetailsId></NaturalPersonId></CustomerIdentification><CustomerRelations><Contracts><Contract><ContractTypeName>LifeInsurance</ContractTypeName><CustomerStartDate>2021-07-07</CustomerStartDate><CustomerEndDate>9999-12-31</CustomerEndDate><Amounts><Amount ValueDate="2021-12-31">0</Amount></Amounts></Contract></Contracts></CustomerRelations></Customer><Customer CustomerSequenceNumber="90761"><CustomerIdentification><NaturalPersonId><NaturalPersonDetailsId><FirstName>Abdelouahab</FirstName><LastName>EL Ouarghi El Kammouni</LastName><BirthDay><BirthDate>1971-01-03</BirthDate></BirthDay><BirthPlace><BirthCity>00</BirthCity><BirthCountry>00</BirthCountry></BirthPlace></NaturalPersonDetailsId></NaturalPersonId></CustomerIdentification><CustomerRelations><Contracts><Contract><ContractTypeName>LifeInsurance</ContractTypeName><CustomerStartDate>2020-11-23</CustomerStartDate><CustomerEndDate>9999-12-31</CustomerEndDate><Amounts><Amount ValueDate="2020-12-31">0</Amount><Amount ValueDate="2021-12-31">0</Amount><Amount ValueDate="2022-12-31">0</Amount></Amounts></Contract></Contracts></CustomerRelations></Customer><Customer CustomerSequenceNumber="90762"><CustomerIdentification><NaturalPersonId><NaturalPersonDetailsId><FirstName>Luca</FirstName><LastName>dhur</LastName><BirthDay><BirthDate>2001-03-13</BirthDate></BirthDay><BirthPlace><BirthCity>00</BirthCity><BirthCountry>00</BirthCountry></BirthPlace></NaturalPersonDetailsId></NaturalPersonId></CustomerIdentification><CustomerRelations><Contracts><Contract><ContractTypeName>LifeInsurance</ContractTypeName><CustomerStartDate>2021-01-11</CustomerStartDate><CustomerEndDate>9999-12-31</CustomerEndDate><Amounts><Amount ValueDate="2021-12-31">0</Amount><Amount ValueDate="2022-12-31">0</Amount></Amounts></Contract></Contracts></CustomerRelations></Customer><Customer CustomerSequenceNumber="90763"><CustomerIdentification><NaturalPersonId><NaturalPersonDetailsId><FirstName>Diana</FirstName><LastName>Bitiutckaia</LastName><BirthDay><BirthDate>1986-02-12</BirthDate></BirthDay><BirthPlace><BirthCity>00</BirthCity><BirthCountry>00</BirthCountry></BirthPlace></NaturalPersonDetailsId></NaturalPersonId></CustomerIdentification><CustomerRelations><Contracts><Contract><ContractTypeName>LifeInsurance</ContractTypeName><CustomerStartDate>2021-07-19</CustomerStartDate><CustomerEndDate>9999-12-31</CustomerEndDate><Amounts><Amount ValueDate="2021-12-31">0</Amount></Amounts></Contract></Contracts></CustomerRelations></Customer><Customer CustomerSequenceNumber="90764"><CustomerIdentification><NaturalPersonId><NaturalPersonDetailsId><FirstName>Wilhelmina Clasina Christina D</FirstName><LastName>Van Gils</LastName><BirthDay><BirthDate>1966-01-29</BirthDate></BirthDay><BirthPlace><BirthCity>00</BirthCity><BirthCountry>00</BirthCountry></BirthPlace></NaturalPersonDetailsId></NaturalPersonId></CustomerIdentification><CustomerRelations><Contracts><Contract><ContractTypeName>LifeInsurance</ContractTypeName><CustomerStartDate>2020-11-25</CustomerStartDate><CustomerEndDate>9999-12-31</CustomerEndDate><Amounts><Amount ValueDate="2020-12-31">0</Amount><Amount ValueDate="2021-12-31">0</Amount><Amount ValueDate="2022-12-31">0</Amount></Amounts></Contract></Contracts></CustomerRelations></Customer><Customer CustomerSequenceNumber="90765"><CustomerIdentification><NaturalPersonId><NaturalPersonDetailsId><FirstName>Imane</FirstName><LastName>Traimes</LastName><BirthDay><BirthDate>1998-09-16</BirthDate></BirthDay><BirthPlace><BirthCity>00</BirthCity><BirthCountry>00</BirthCountry></BirthPlace></NaturalPersonDetailsId></NaturalPersonId></CustomerIdentification><CustomerRelations><Contracts><Contract><ContractTypeName>LifeInsurance</ContractTypeName><CustomerStartDate>2021-07-07</CustomerStartDate><CustomerEndDate>9999-12-31</CustomerEndDate><Amounts><Amount ValueDate="2021-12-31">0</Amount></Amounts></Contract></Contracts></CustomerRelations></Customer><Customer CustomerSequenceNumber="90766"><CustomerIdentification><NaturalPersonId><NaturalPersonDetailsId><FirstName>Bartholomeus Dirk</FirstName><LastName>CLAUWAERT</LastName><BirthDay><BirthDate>1962-04-17</BirthDate></BirthDay><BirthPlace><BirthCity>00</BirthCity><BirthCountry>00</BirthCountry></BirthPlace></NaturalPersonDetailsId></NaturalPersonId></CustomerIdentification><CustomerRelations><Contracts><Contract><ContractTypeName>LifeInsurance</ContractTypeName><CustomerStartDate>2020-11-10</CustomerStartDate><CustomerEndDate>9999-12-31</CustomerEndDate><Amounts><Amount ValueDate="2020-12-31">0</Amount><Amount ValueDate="2021-12-31">0</Amount><Amount ValueDate="2022-12-31">0</Amount></Amounts></Contract></Contracts></CustomerRelations></Customer><Customer CustomerSequenceNumber="90767"><CustomerIdentification><NaturalPersonId><NaturalPersonDetailsId><FirstName>Jasper</FirstName><LastName>Van Engelen</LastName><BirthDay><BirthDate>1994-05-30</BirthDate></BirthDay><BirthPlace><BirthCity>00</BirthCity><BirthCountry>00</BirthCountry></BirthPlace></NaturalPersonDetailsId></NaturalPersonId></CustomerIdentification><CustomerRelations><Contracts><Contract><ContractTypeName>LifeInsurance</ContractTypeName><CustomerStartDate>2021-03-04</CustomerStartDate><CustomerEndDate>9999-12-31</CustomerEndDate><Amounts><Amount ValueDate="2021-12-31">0</Amount></Amounts></Contract></Contracts></CustomerRelations></Customer><Customer CustomerSequenceNumber="90768"><CustomerIdentification><NaturalPersonId><NaturalPersonDetailsId><FirstName>Patrick</FirstName><LastName>Van Der Stokker</LastName><BirthDay><BirthDate>1980-08-09</BirthDate></BirthDay><BirthPlace><BirthCity>00</BirthCity><BirthCountry>00</BirthCountry></BirthPlace></NaturalPersonDetailsId></NaturalPersonId></CustomerIdentification><CustomerRelations><Contracts><Contract><ContractTypeName>LifeInsurance</ContractTypeName><CustomerStartDate>2020-12-18</CustomerStartDate><CustomerEndDate>9999-12-31</CustomerEndDate><Amounts><Amount ValueDate="2020-12-31">0</Amount><Amount ValueDate="2021-12-31">0</Amount><Amount ValueDate="2022-12-31">0</Amount></Amounts></Contract></Contracts></CustomerRelations></Customer><Customer CustomerSequenceNumber="90769"><CustomerIdentification><NaturalPersonId><NaturalPersonDetailsId><FirstName>Alvaro</FirstName><LastName>Furones Cuadrado</LastName><BirthDay><BirthDate>1998-02-12</BirthDate></BirthDay><BirthPlace><BirthCity>00</BirthCity><BirthCountry>00</BirthCountry></BirthPlace></NaturalPersonDetailsId></NaturalPersonId></CustomerIdentification><CustomerRelations><Contracts><Contract><ContractTypeName>LifeInsurance</ContractTypeName><CustomerStartDate>2020-10-15</CustomerStartDate><CustomerEndDate>9999-12-31</CustomerEndDate><Amounts><Amount ValueDate="2020-12-31">0</Amount><Amount ValueDate="2021-12-31">0</Amount><Amount ValueDate="2022-12-31">0</Amount></Amounts></Contract></Contracts></CustomerRelations></Customer><Customer CustomerSequenceNumber="90770"><CustomerIdentification><NaturalPersonId><RRNIdentification>85050267320</RRNIdentification></NaturalPersonId></CustomerIdentification><CustomerRelations><Contracts><Contract><ContractTypeName>LifeInsurance</ContractTypeName><CustomerStartDate>2020-10-09</CustomerStartDate><CustomerEndDate>9999-12-31</CustomerEndDate><Amounts><Amount ValueDate="2020-12-31">0</Amount><Amount ValueDate="2021-12-31">0</Amount><Amount ValueDate="2022-12-31">0</Amount></Amounts></Contract></Contracts></CustomerRelations></Customer><Customer CustomerSequenceNumber="90771"><CustomerIdentification><NaturalPersonId><NaturalPersonDetailsId><FirstName>Mohamed</FirstName><LastName>Abdi Yussuf</LastName><BirthDay><BirthDate>1995-01-01</BirthDate></BirthDay><BirthPlace><BirthCity>00</BirthCity><BirthCountry>00</BirthCountry></BirthPlace></NaturalPersonDetailsId></NaturalPersonId></CustomerIdentification><CustomerRelations><Contracts><Contract><ContractTypeName>LifeInsurance</ContractTypeName><CustomerStartDate>2021-01-25</CustomerStartDate><CustomerEndDate>9999-12-31</CustomerEndDate><Amounts><Amount ValueDate="2021-12-31">0</Amount><Amount ValueDate="2022-12-31">0</Amount></Amounts></Contract></Contracts></CustomerRelations></Customer><Customer CustomerSequenceNumber="90772"><CustomerIdentification><NaturalPersonId><NaturalPersonDetailsId><FirstName>Zbigniew Jacek</FirstName><LastName>Karczewski</LastName><BirthDay><BirthDate>1989-06-16</BirthDate></BirthDay><BirthPlace><BirthCity>00</BirthCity><BirthCountry>00</BirthCountry></BirthPlace></NaturalPersonDetailsId></NaturalPersonId></CustomerIdentification><CustomerRelations><Contracts><Contract><ContractTypeName>LifeInsurance</ContractTypeName><CustomerStartDate>2021-01-21</CustomerStartDate><CustomerEndDate>9999-12-31</CustomerEndDate><Amounts><Amount ValueDate="2021-12-31">0</Amount><Amount ValueDate="2022-12-31">0</Amount></Amounts></Contract></Contracts></CustomerRelations></Customer><Customer CustomerSequenceNumber="90773"><CustomerIdentification><NaturalPersonId><NaturalPersonDetailsId><FirstName>Bodhi</FirstName><LastName>Muller</LastName><BirthDay><BirthDate>2000-05-23</BirthDate></BirthDay><BirthPlace><BirthCity>00</BirthCity><BirthCountry>00</BirthCountry></BirthPlace></NaturalPersonDetailsId></NaturalPersonId></CustomerIdentification><CustomerRelations><Contracts><Contract><ContractTypeName>LifeInsurance</ContractTypeName><CustomerStartDate>2021-06-22</CustomerStartDate><CustomerEndDate>9999-12-31</CustomerEndDate><Amounts><Amount ValueDate="2021-12-31">0</Amount></Amounts></Contract></Contracts></CustomerRelations></Customer><Customer CustomerSequenceNumber="90774"><CustomerIdentification><NaturalPersonId><NaturalPersonDetailsId><FirstName>Kevin Annick</FirstName><LastName>Sissau</LastName><BirthDay><BirthDate>1994-02-10</BirthDate></BirthDay><BirthPlace><BirthCity>00</BirthCity><BirthCountry>00</BirthCountry></BirthPlace></NaturalPersonDetailsId></NaturalPersonId></CustomerIdentification><CustomerRelations><Contracts><Contract><ContractTypeName>LifeInsurance</ContractTypeName><CustomerStartDate>2021-06-22</CustomerStartDate><CustomerEndDate>9999-12-31</CustomerEndDate><Amounts><Amount ValueDate="2021-12-31">0</Amount></Amounts></Contract></Contracts></CustomerRelations></Customer><Customer CustomerSequenceNumber="90775"><CustomerIdentification><NaturalPersonId><NaturalPersonDetailsId><FirstName>Klaas</FirstName><LastName>Dijkstra</LastName><BirthDay><BirthDate>1968-10-17</BirthDate></BirthDay><BirthPlace><BirthCity>00</BirthCity><BirthCountry>00</BirthCountry></BirthPlace></NaturalPersonDetailsId></NaturalPersonId></CustomerIdentification><CustomerRelations><Contracts><Contract><ContractTypeName>LifeInsurance</ContractTypeName><CustomerStartDate>2021-04-14</CustomerStartDate><CustomerEndDate>9999-12-31</CustomerEndDate><Amounts><Amount ValueDate="2021-12-31">0</Amount></Amounts></Contract></Contracts></CustomerRelations></Customer><Customer CustomerSequenceNumber="90776"><CustomerIdentification><NaturalPersonId><NaturalPersonDetailsId><FirstName>Walid</FirstName><LastName>Roshanmal</LastName><BirthDay><BirthDate>1989-06-27</BirthDate></BirthDay><BirthPlace><BirthCity>00</BirthCity><BirthCountry>00</BirthCountry></BirthPlace></NaturalPersonDetailsId></NaturalPersonId></CustomerIdentification><CustomerRelations><Contracts><Contract><ContractTypeName>LifeInsurance</ContractTypeName><CustomerStartDate>2021-03-17</CustomerStartDate><CustomerEndDate>9999-12-31</CustomerEndDate><Amounts><Amount ValueDate="2021-12-31">0</Amount></Amounts></Contract></Contracts></CustomerRelations></Customer><Customer CustomerSequenceNumber="90777"><CustomerIdentification><NaturalPersonId><NaturalPersonDetailsId><FirstName>Mark</FirstName><LastName>Ofman</LastName><BirthDay><BirthDate>1972-04-03</BirthDate></BirthDay><BirthPlace><BirthCity>00</BirthCity><BirthCountry>00</BirthCountry></BirthPlace></NaturalPersonDetailsId></NaturalPersonId></CustomerIdentification><CustomerRelations><Contracts><Contract><ContractTypeName>LifeInsurance</ContractTypeName><CustomerStartDate>2021-02-08</CustomerStartDate><CustomerEndDate>9999-12-31</CustomerEndDate><Amounts><Amount ValueDate="2021-12-31">0</Amount><Amount ValueDate="2022-12-31">0</Amount></Amounts></Contract></Contracts></CustomerRelations></Customer><Customer CustomerSequenceNumber="90778"><CustomerIdentification><NaturalPersonId><NaturalPersonDetailsId><FirstName>Ioan</FirstName><LastName>Stan</LastName><BirthDay><BirthDate>1977-06-07</BirthDate></BirthDay><BirthPlace><BirthCity>00</BirthCity><BirthCountry>00</BirthCountry></BirthPlace></NaturalPersonDetailsId></NaturalPersonId></CustomerIdentification><CustomerRelations><Contracts><Contract><ContractTypeName>LifeInsurance</ContractTypeName><CustomerStartDate>2021-06-14</CustomerStartDate><CustomerEndDate>9999-12-31</CustomerEndDate><Amounts><Amount ValueDate="2021-12-31">0</Amount></Amounts></Contract></Contracts></CustomerRelations></Customer><Customer CustomerSequenceNumber="90779"><CustomerIdentification><NaturalPersonId><NaturalPersonDetailsId><FirstName>George</FirstName><LastName>Alejo</LastName><BirthDay><BirthDate>1964-01-13</BirthDate></BirthDay><BirthPlace><BirthCity>00</BirthCity><BirthCountry>00</BirthCountry></BirthPlace></NaturalPersonDetailsId></NaturalPersonId></CustomerIdentification><CustomerRelations><Contracts><Contract><ContractTypeName>LifeInsurance</ContractTypeName><CustomerStartDate>2021-06-10</CustomerStartDate><CustomerEndDate>9999-12-31</CustomerEndDate><Amounts><Amount ValueDate="2021-12-31">0</Amount></Amounts></Contract></Contracts></CustomerRelations></Customer><Customer CustomerSequenceNumber="90780"><CustomerIdentification><NaturalPersonId><NaturalPersonDetailsId><FirstName>Khalid</FirstName><LastName>BOULKHOUBZE</LastName><BirthDay><BirthDate>1988-11-25</BirthDate></BirthDay><BirthPlace><BirthCity>00</BirthCity><BirthCountry>00</BirthCountry></BirthPlace></NaturalPersonDetailsId></NaturalPersonId></CustomerIdentification><CustomerRelations><Contracts><Contract><ContractTypeName>LifeInsurance</ContractTypeName><CustomerStartDate>2021-10-08</CustomerStartDate><CustomerEndDate>9999-12-31</CustomerEndDate><Amounts><Amount ValueDate="2021-12-31">0</Amount></Amounts></Contract></Contracts></CustomerRelations></Customer><Customer CustomerSequenceNumber="90781"><CustomerIdentification><NaturalPersonId><NaturalPersonDetailsId><FirstName>Siegfried</FirstName><LastName>De Jong</LastName><BirthDay><BirthDate>1959-09-16</BirthDate></BirthDay><BirthPlace><BirthCity>00</BirthCity><BirthCountry>00</BirthCountry></BirthPlace></NaturalPersonDetailsId></NaturalPersonId></CustomerIdentification><CustomerRelations><Contracts><Contract><ContractTypeName>LifeInsurance</ContractTypeName><CustomerStartDate>2021-01-29</CustomerStartDate><CustomerEndDate>9999-12-31</CustomerEndDate><Amounts><Amount ValueDate="2021-12-31">0</Amount><Amount ValueDate="2022-12-31">0</Amount></Amounts></Contract></Contracts></CustomerRelations></Customer><Customer CustomerSequenceNumber="90782"><CustomerIdentification><NaturalPersonId><NaturalPersonDetailsId><FirstName>Seweryn</FirstName><LastName>Niedzielski</LastName><BirthDay><BirthDate>1974-10-07</BirthDate></BirthDay><BirthPlace><BirthCity>00</BirthCity><BirthCountry>00</BirthCountry></BirthPlace></NaturalPersonDetailsId></NaturalPersonId></CustomerIdentification><CustomerRelations><Contracts><Contract><ContractTypeName>LifeInsurance</ContractTypeName><CustomerStartDate>2020-10-27</CustomerStartDate><CustomerEndDate>9999-12-31</CustomerEndDate><Amounts><Amount ValueDate="2020-12-31">0</Amount><Amount ValueDate="2021-12-31">0</Amount><Amount ValueDate="2022-12-31">0</Amount></Amounts></Contract></Contracts></CustomerRelations></Customer><Customer CustomerSequenceNumber="90783"><CustomerIdentification><NaturalPersonId><NaturalPersonDetailsId><FirstName>Johannes</FirstName><LastName>Veerman</LastName><BirthDay><BirthDate>1971-03-29</BirthDate></BirthDay><BirthPlace><BirthCity>00</BirthCity><BirthCountry>00</BirthCountry></BirthPlace></NaturalPersonDetailsId></NaturalPersonId></CustomerIdentification><CustomerRelations><Contracts><Contract><ContractTypeName>LifeInsurance</ContractTypeName><CustomerStartDate>2021-03-09</CustomerStartDate><CustomerEndDate>9999-12-31</CustomerEndDate><Amounts><Amount ValueDate="2021-12-31">0</Amount></Amounts></Contract></Contracts></CustomerRelations></Customer><Customer CustomerSequenceNumber="90784"><CustomerIdentification><NaturalPersonId><NaturalPersonDetailsId><FirstName>Jalal</FirstName><LastName>Sadik</LastName><BirthDay><BirthDate>1994-11-27</BirthDate></BirthDay><BirthPlace><BirthCity>00</BirthCity><BirthCountry>00</BirthCountry></BirthPlace></NaturalPersonDetailsId></NaturalPersonId></CustomerIdentification><CustomerRelations><Contracts><Contract><ContractTypeName>LifeInsurance</ContractTypeName><CustomerStartDate>2021-01-15</CustomerStartDate><CustomerEndDate>9999-12-31</CustomerEndDate><Amounts><Amount ValueDate="2021-12-31">0</Amount><Amount ValueDate="2022-12-31">0</Amount></Amounts></Contract></Contracts></CustomerRelations></Customer><Customer CustomerSequenceNumber="90785"><CustomerIdentification><NaturalPersonId><NaturalPersonDetailsId><FirstName>Kaoutar</FirstName><LastName>Zourgarh</LastName><BirthDay><BirthDate>1996-11-18</BirthDate></BirthDay><BirthPlace><BirthCity>00</BirthCity><BirthCountry>00</BirthCountry></BirthPlace></NaturalPersonDetailsId></NaturalPersonId></CustomerIdentification><CustomerRelations><Contracts><Contract><ContractTypeName>LifeInsurance</ContractTypeName><CustomerStartDate>2021-01-15</CustomerStartDate><CustomerEndDate>9999-12-31</CustomerEndDate><Amounts><Amount ValueDate="2021-12-31">0</Amount><Amount ValueDate="2022-12-31">0</Amount></Amounts></Contract></Contracts></CustomerRelations></Customer><Customer CustomerSequenceNumber="90786"><CustomerIdentification><NaturalPersonId><NaturalPersonDetailsId><FirstName>Valentino</FirstName><LastName>Vruna</LastName><BirthDay><BirthDate>1988-07-12</BirthDate></BirthDay><BirthPlace><BirthCity>00</BirthCity><BirthCountry>00</BirthCountry></BirthPlace></NaturalPersonDetailsId></NaturalPersonId></CustomerIdentification><CustomerRelations><Contracts><Contract><ContractTypeName>LifeInsurance</ContractTypeName><CustomerStartDate>2021-11-09</CustomerStartDate><CustomerEndDate>9999-12-31</CustomerEndDate><Amounts><Amount ValueDate="2021-12-31">0</Amount></Amounts></Contract></Contracts></CustomerRelations></Customer><Customer CustomerSequenceNumber="90787"><CustomerIdentification><NaturalPersonId><NaturalPersonDetailsId><FirstName>Giovanni</FirstName><LastName>Palamara</LastName><BirthDay><BirthDate>1991-04-30</BirthDate></BirthDay><BirthPlace><BirthCity>00</BirthCity><BirthCountry>00</BirthCountry></BirthPlace></NaturalPersonDetailsId></NaturalPersonId></CustomerIdentification><CustomerRelations><Contracts><Contract><ContractTypeName>LifeInsurance</ContractTypeName><CustomerStartDate>2021-09-13</CustomerStartDate><CustomerEndDate>9999-12-31</CustomerEndDate><Amounts><Amount ValueDate="2021-12-31">0</Amount></Amounts></Contract></Contracts></CustomerRelations></Customer><Customer CustomerSequenceNumber="90788"><CustomerIdentification><NaturalPersonId><RRNIdentification>59081444443</RRNIdentification></NaturalPersonId></CustomerIdentification><CustomerRelations><Contracts><Contract><ContractTypeName>LifeInsurance</ContractTypeName><CustomerStartDate>2021-06-03</CustomerStartDate><CustomerEndDate>9999-12-31</CustomerEndDate><Amounts><Amount ValueDate="2021-12-31">0</Amount></Amounts></Contract></Contracts></CustomerRelations></Customer><Customer CustomerSequenceNumber="90789"><CustomerIdentification><NaturalPersonId><NaturalPersonDetailsId><FirstName>Mohamed</FirstName><LastName>Chaoui</LastName><BirthDay><BirthDate>1979-11-02</BirthDate></BirthDay><BirthPlace><BirthCity>00</BirthCity><BirthCountry>00</BirthCountry></BirthPlace></NaturalPersonDetailsId></NaturalPersonId></CustomerIdentification><CustomerRelations><Contracts><Contract><ContractTypeName>LifeInsurance</ContractTypeName><CustomerStartDate>2021-09-13</CustomerStartDate><CustomerEndDate>9999-12-31</CustomerEndDate><Amounts><Amount ValueDate="2021-12-31">0</Amount></Amounts></Contract></Contracts></CustomerRelations></Customer><Customer CustomerSequenceNumber="90790"><CustomerIdentification><NaturalPersonId><RRNIdentification>85061354321</RRNIdentification></NaturalPersonId></CustomerIdentification><CustomerRelations><Contracts><Contract><ContractTypeName>LifeInsurance</ContractTypeName><CustomerStartDate>2021-03-25</CustomerStartDate><CustomerEndDate>9999-12-31</CustomerEndDate><Amounts><Amount ValueDate="2021-12-31">0</Amount></Amounts></Contract></Contracts></CustomerRelations></Customer><Customer CustomerSequenceNumber="90791"><CustomerIdentification><NaturalPersonId><NaturalPersonDetailsId><FirstName>Leonardus</FirstName><LastName>Steffani</LastName><BirthDay><BirthDate>1963-09-14</BirthDate></BirthDay><BirthPlace><BirthCity>00</BirthCity><BirthCountry>00</BirthCountry></BirthPlace></NaturalPersonDetailsId></NaturalPersonId></CustomerIdentification><CustomerRelations><Contracts><Contract><ContractTypeName>LifeInsurance</ContractTypeName><CustomerStartDate>2020-12-28</CustomerStartDate><CustomerEndDate>9999-12-31</CustomerEndDate><Amounts><Amount ValueDate="2020-12-31">0</Amount><Amount ValueDate="2021-12-31">0</Amount></Amounts></Contract></Contracts></CustomerRelations></Customer><Customer CustomerSequenceNumber="90792"><CustomerIdentification><NaturalPersonId><NaturalPersonDetailsId><FirstName>Andre</FirstName><LastName>BURCKEL</LastName><BirthDay><BirthDate>1944-08-22</BirthDate></BirthDay><BirthPlace><BirthCity>00</BirthCity><BirthCountry>00</BirthCountry></BirthPlace></NaturalPersonDetailsId></NaturalPersonId></CustomerIdentification><CustomerRelations><Contracts><Contract><ContractTypeName>LifeInsurance</ContractTypeName><CustomerStartDate>2020-10-26</CustomerStartDate><CustomerEndDate>9999-12-31</CustomerEndDate><Amounts><Amount ValueDate="2020-12-31">0</Amount><Amount ValueDate="2021-12-31">0</Amount><Amount ValueDate="2022-12-31">0</Amount></Amounts></Contract></Contracts></CustomerRelations></Customer><Customer CustomerSequenceNumber="90793"><CustomerIdentification><NaturalPersonId><NaturalPersonDetailsId><FirstName>Mandy</FirstName><LastName>PROCE</LastName><BirthDay><BirthDate>1992-02-18</BirthDate></BirthDay><BirthPlace><BirthCity>00</BirthCity><BirthCountry>00</BirthCountry></BirthPlace></NaturalPersonDetailsId></NaturalPersonId></CustomerIdentification><CustomerRelations><Contracts><Contract><ContractTypeName>LifeInsurance</ContractTypeName><CustomerStartDate>2020-12-14</CustomerStartDate><CustomerEndDate>9999-12-31</CustomerEndDate><Amounts><Amount ValueDate="2020-12-31">0</Amount><Amount ValueDate="2021-12-31">0</Amount><Amount ValueDate="2022-12-31">0</Amount></Amounts></Contract></Contracts></CustomerRelations></Customer><Customer CustomerSequenceNumber="90794"><CustomerIdentification><NaturalPersonId><NaturalPersonDetailsId><FirstName>Rowen</FirstName><LastName>Courtar</LastName><BirthDay><BirthDate>1993-09-22</BirthDate></BirthDay><BirthPlace><BirthCity>00</BirthCity><BirthCountry>00</BirthCountry></BirthPlace></NaturalPersonDetailsId></NaturalPersonId></CustomerIdentification><CustomerRelations><Contracts><Contract><ContractTypeName>LifeInsurance</ContractTypeName><CustomerStartDate>2021-01-11</CustomerStartDate><CustomerEndDate>9999-12-31</CustomerEndDate><Amounts><Amount ValueDate="2021-12-31">0</Amount><Amount ValueDate="2022-12-31">0</Amount></Amounts></Contract></Contracts></CustomerRelations></Customer><Customer CustomerSequenceNumber="90795"><CustomerIdentification><NaturalPersonId><NaturalPersonDetailsId><FirstName>Melinda</FirstName><LastName>Farcas</LastName><BirthDay><BirthDate>1994-01-01</BirthDate></BirthDay><BirthPlace><BirthCity>00</BirthCity><BirthCountry>00</BirthCountry></BirthPlace></NaturalPersonDetailsId></NaturalPersonId></CustomerIdentification><CustomerRelations><Contracts><Contract><ContractTypeName>LifeInsurance</ContractTypeName><CustomerStartDate>2021-04-02</CustomerStartDate><CustomerEndDate>9999-12-31</CustomerEndDate><Amounts><Amount ValueDate="2021-12-31">0</Amount></Amounts></Contract></Contracts></CustomerRelations></Customer><Customer CustomerSequenceNumber="90796"><CustomerIdentification><NaturalPersonId><NaturalPersonDetailsId><FirstName>Urban</FirstName><LastName>Denk</LastName><BirthDay><BirthDate>1957-07-24</BirthDate></BirthDay><BirthPlace><BirthCity>00</BirthCity><BirthCountry>DE</BirthCountry></BirthPlace></NaturalPersonDetailsId></NaturalPersonId></CustomerIdentification><CustomerRelations><Contracts><Contract><ContractTypeName>LifeInsurance</ContractTypeName><CustomerStartDate>2022-02-15</CustomerStartDate><CustomerEndDate>9999-12-31</CustomerEndDate></Contract></Contracts></CustomerRelations></Customer><Customer CustomerSequenceNumber="90797"><CustomerIdentification><NaturalPersonId><NaturalPersonDetailsId><FirstName>Rolof Jouleiman</FirstName><LastName>PEDRO</LastName><BirthDay><BirthDate>1989-11-13</BirthDate></BirthDay><BirthPlace><BirthCity>00</BirthCity><BirthCountry>00</BirthCountry></BirthPlace></NaturalPersonDetailsId></NaturalPersonId></CustomerIdentification><CustomerRelations><Contracts><Contract><ContractTypeName>LifeInsurance</ContractTypeName><CustomerStartDate>2021-02-18</CustomerStartDate><CustomerEndDate>9999-12-31</CustomerEndDate><Amounts><Amount ValueDate="2021-12-31">0</Amount></Amounts></Contract></Contracts></CustomerRelations></Customer><Customer CustomerSequenceNumber="90798"><CustomerIdentification><NaturalPersonId><NaturalPersonDetailsId><FirstName>Marius</FirstName><LastName>KWAYEP</LastName><BirthDay><BirthDate>1982-07-04</BirthDate></BirthDay><BirthPlace><BirthCity>00</BirthCity><BirthCountry>00</BirthCountry></BirthPlace></NaturalPersonDetailsId></NaturalPersonId></CustomerIdentification><CustomerRelations><Contracts><Contract><ContractTypeName>LifeInsurance</ContractTypeName><CustomerStartDate>2020-10-20</CustomerStartDate><CustomerEndDate>9999-12-31</CustomerEndDate><Amounts><Amount ValueDate="2020-12-31">0</Amount><Amount ValueDate="2021-12-31">0</Amount><Amount ValueDate="2022-12-31">0</Amount></Amounts></Contract></Contracts></CustomerRelations></Customer><Customer CustomerSequenceNumber="90799"><CustomerIdentification><NaturalPersonId><NaturalPersonDetailsId><FirstName>Marius</FirstName><LastName>Farcas</LastName><BirthDay><BirthDate>1996-04-23</BirthDate></BirthDay><BirthPlace><BirthCity>00</BirthCity><BirthCountry>00</BirthCountry></BirthPlace></NaturalPersonDetailsId></NaturalPersonId></CustomerIdentification><CustomerRelations><Contracts><Contract><ContractTypeName>LifeInsurance</ContractTypeName><CustomerStartDate>2021-09-09</CustomerStartDate><CustomerEndDate>9999-12-31</CustomerEndDate><Amounts><Amount ValueDate="2021-12-31">0</Amount></Amounts></Contract></Contracts></CustomerRelations></Customer><Customer CustomerSequenceNumber="90800"><CustomerIdentification><NaturalPersonId><NaturalPersonDetailsId><FirstName>Johanna Maria W</FirstName><LastName>Adriaansen</LastName><BirthDay><BirthDate>1966-07-25</BirthDate></BirthDay><BirthPlace><BirthCity>00</BirthCity><BirthCountry>00</BirthCountry></BirthPlace></NaturalPersonDetailsId></NaturalPersonId></CustomerIdentification><CustomerRelations><Contracts><Contract><ContractTypeName>LifeInsurance</ContractTypeName><CustomerStartDate>2021-06-10</CustomerStartDate><CustomerEndDate>9999-12-31</CustomerEndDate><Amounts><Amount ValueDate="2021-12-31">0</Amount></Amounts></Contract></Contracts></CustomerRelations></Customer></Extract>
