<?xml version="1.0" encoding="uuu"?><L0 xmlns="hhh"><L1.1>a b c</L1.1><L1.2>d e f</L1.2></L0>
