<?xml version="1.0" encoding="uuu"?><L0 xmlns="hhh"><L1>a b c</L1></L0>
